<?xml version="1.0" encoding="UTF-8"?>
<!-- Generated by org.testng.reporters.JUnitReportReporter -->
<testsuite hostname="DESKTOP-28VNVH3" failures="0" tests="1000" name="test2.Invocation_Keyword" time="1.181" errors="0" timestamp="2023-06-07T14:42:03 IST" skipped="0">
  <testcase classname="test2.Invocation_Keyword" name="print_TC1" time="0.000"/>
  <system-out>
    <![CDATA[--running TC1--]]>
  </system-out>
  <testcase classname="test2.Invocation_Keyword" name="print_TC1" time="0.001"/>
  <system-out>
    <![CDATA[--running TC1--]]>
  </system-out>
  <testcase classname="test2.Invocation_Keyword" name="print_TC1" time="0.001"/>
  <system-out>
    <![CDATA[--running TC1--]]>
  </system-out>
  <testcase classname="test2.Invocation_Keyword" name="print_TC1" time="0.001"/>
  <system-out>
    <![CDATA[--running TC1--]]>
  </system-out>
  <testcase classname="test2.Invocation_Keyword" name="print_TC1" time="0.001"/>
  <system-out>
    <![CDATA[--running TC1--]]>
  </system-out>
  <testcase classname="test2.Invocation_Keyword" name="print_TC1" time="0.001"/>
  <system-out>
    <![CDATA[--running TC1--]]>
  </system-out>
  <testcase classname="test2.Invocation_Keyword" name="print_TC1" time="0.001"/>
  <system-out>
    <![CDATA[--running TC1--]]>
  </system-out>
  <testcase classname="test2.Invocation_Keyword" name="print_TC1" time="0.001"/>
  <system-out>
    <![CDATA[--running TC1--]]>
  </system-out>
  <testcase classname="test2.Invocation_Keyword" name="print_TC1" time="0.001"/>
  <system-out>
    <![CDATA[--running TC1--]]>
  </system-out>
  <testcase classname="test2.Invocation_Keyword" name="print_TC1" time="0.001"/>
  <system-out>
    <![CDATA[--running TC1--]]>
  </system-out>
  <testcase classname="test2.Invocation_Keyword" name="print_TC1" time="0.001"/>
  <system-out>
    <![CDATA[--running TC1--]]>
  </system-out>
  <testcase classname="test2.Invocation_Keyword" name="print_TC1" time="0.001"/>
  <system-out>
    <![CDATA[--running TC1--]]>
  </system-out>
  <testcase classname="test2.Invocation_Keyword" name="print_TC1" time="0.002"/>
  <system-out>
    <![CDATA[--running TC1--]]>
  </system-out>
  <testcase classname="test2.Invocation_Keyword" name="print_TC1" time="0.001"/>
  <system-out>
    <![CDATA[--running TC1--]]>
  </system-out>
  <testcase classname="test2.Invocation_Keyword" name="print_TC1" time="0.001"/>
  <system-out>
    <![CDATA[--running TC1--]]>
  </system-out>
  <testcase classname="test2.Invocation_Keyword" name="print_TC1" time="0.001"/>
  <system-out>
    <![CDATA[--running TC1--]]>
  </system-out>
  <testcase classname="test2.Invocation_Keyword" name="print_TC1" time="0.001"/>
  <system-out>
    <![CDATA[--running TC1--]]>
  </system-out>
  <testcase classname="test2.Invocation_Keyword" name="print_TC1" time="0.002"/>
  <system-out>
    <![CDATA[--running TC1--]]>
  </system-out>
  <testcase classname="test2.Invocation_Keyword" name="print_TC1" time="0.000"/>
  <system-out>
    <![CDATA[--running TC1--]]>
  </system-out>
  <testcase classname="test2.Invocation_Keyword" name="print_TC1" time="0.001"/>
  <system-out>
    <![CDATA[--running TC1--]]>
  </system-out>
  <testcase classname="test2.Invocation_Keyword" name="print_TC1" time="0.000"/>
  <system-out>
    <![CDATA[--running TC1--]]>
  </system-out>
  <testcase classname="test2.Invocation_Keyword" name="print_TC1" time="0.002"/>
  <system-out>
    <![CDATA[--running TC1--]]>
  </system-out>
  <testcase classname="test2.Invocation_Keyword" name="print_TC1" time="0.001"/>
  <system-out>
    <![CDATA[--running TC1--]]>
  </system-out>
  <testcase classname="test2.Invocation_Keyword" name="print_TC1" time="0.001"/>
  <system-out>
    <![CDATA[--running TC1--]]>
  </system-out>
  <testcase classname="test2.Invocation_Keyword" name="print_TC1" time="0.001"/>
  <system-out>
    <![CDATA[--running TC1--]]>
  </system-out>
  <testcase classname="test2.Invocation_Keyword" name="print_TC1" time="0.001"/>
  <system-out>
    <![CDATA[--running TC1--]]>
  </system-out>
  <testcase classname="test2.Invocation_Keyword" name="print_TC1" time="0.001"/>
  <system-out>
    <![CDATA[--running TC1--]]>
  </system-out>
  <testcase classname="test2.Invocation_Keyword" name="print_TC1" time="0.001"/>
  <system-out>
    <![CDATA[--running TC1--]]>
  </system-out>
  <testcase classname="test2.Invocation_Keyword" name="print_TC1" time="0.001"/>
  <system-out>
    <![CDATA[--running TC1--]]>
  </system-out>
  <testcase classname="test2.Invocation_Keyword" name="print_TC1" time="0.001"/>
  <system-out>
    <![CDATA[--running TC1--]]>
  </system-out>
  <testcase classname="test2.Invocation_Keyword" name="print_TC1" time="0.000"/>
  <system-out>
    <![CDATA[--running TC1--]]>
  </system-out>
  <testcase classname="test2.Invocation_Keyword" name="print_TC1" time="0.001"/>
  <system-out>
    <![CDATA[--running TC1--]]>
  </system-out>
  <testcase classname="test2.Invocation_Keyword" name="print_TC1" time="0.002"/>
  <system-out>
    <![CDATA[--running TC1--]]>
  </system-out>
  <testcase classname="test2.Invocation_Keyword" name="print_TC1" time="0.000"/>
  <system-out>
    <![CDATA[--running TC1--]]>
  </system-out>
  <testcase classname="test2.Invocation_Keyword" name="print_TC1" time="0.001"/>
  <system-out>
    <![CDATA[--running TC1--]]>
  </system-out>
  <testcase classname="test2.Invocation_Keyword" name="print_TC1" time="0.003"/>
  <system-out>
    <![CDATA[--running TC1--]]>
  </system-out>
  <testcase classname="test2.Invocation_Keyword" name="print_TC1" time="0.001"/>
  <system-out>
    <![CDATA[--running TC1--]]>
  </system-out>
  <testcase classname="test2.Invocation_Keyword" name="print_TC1" time="0.004"/>
  <system-out>
    <![CDATA[--running TC1--]]>
  </system-out>
  <testcase classname="test2.Invocation_Keyword" name="print_TC1" time="0.001"/>
  <system-out>
    <![CDATA[--running TC1--]]>
  </system-out>
  <testcase classname="test2.Invocation_Keyword" name="print_TC1" time="0.001"/>
  <system-out>
    <![CDATA[--running TC1--]]>
  </system-out>
  <testcase classname="test2.Invocation_Keyword" name="print_TC1" time="0.002"/>
  <system-out>
    <![CDATA[--running TC1--]]>
  </system-out>
  <testcase classname="test2.Invocation_Keyword" name="print_TC1" time="0.001"/>
  <system-out>
    <![CDATA[--running TC1--]]>
  </system-out>
  <testcase classname="test2.Invocation_Keyword" name="print_TC1" time="0.001"/>
  <system-out>
    <![CDATA[--running TC1--]]>
  </system-out>
  <testcase classname="test2.Invocation_Keyword" name="print_TC1" time="0.002"/>
  <system-out>
    <![CDATA[--running TC1--]]>
  </system-out>
  <testcase classname="test2.Invocation_Keyword" name="print_TC1" time="0.001"/>
  <system-out>
    <![CDATA[--running TC1--]]>
  </system-out>
  <testcase classname="test2.Invocation_Keyword" name="print_TC1" time="0.000"/>
  <system-out>
    <![CDATA[--running TC1--]]>
  </system-out>
  <testcase classname="test2.Invocation_Keyword" name="print_TC1" time="0.005"/>
  <system-out>
    <![CDATA[--running TC1--]]>
  </system-out>
  <testcase classname="test2.Invocation_Keyword" name="print_TC1" time="0.000"/>
  <system-out>
    <![CDATA[--running TC1--]]>
  </system-out>
  <testcase classname="test2.Invocation_Keyword" name="print_TC1" time="0.002"/>
  <system-out>
    <![CDATA[--running TC1--]]>
  </system-out>
  <testcase classname="test2.Invocation_Keyword" name="print_TC1" time="0.001"/>
  <system-out>
    <![CDATA[--running TC1--]]>
  </system-out>
  <testcase classname="test2.Invocation_Keyword" name="print_TC1" time="0.001"/>
  <system-out>
    <![CDATA[--running TC1--]]>
  </system-out>
  <testcase classname="test2.Invocation_Keyword" name="print_TC1" time="0.001"/>
  <system-out>
    <![CDATA[--running TC1--]]>
  </system-out>
  <testcase classname="test2.Invocation_Keyword" name="print_TC1" time="0.001"/>
  <system-out>
    <![CDATA[--running TC1--]]>
  </system-out>
  <testcase classname="test2.Invocation_Keyword" name="print_TC1" time="0.001"/>
  <system-out>
    <![CDATA[--running TC1--]]>
  </system-out>
  <testcase classname="test2.Invocation_Keyword" name="print_TC1" time="0.001"/>
  <system-out>
    <![CDATA[--running TC1--]]>
  </system-out>
  <testcase classname="test2.Invocation_Keyword" name="print_TC1" time="0.000"/>
  <system-out>
    <![CDATA[--running TC1--]]>
  </system-out>
  <testcase classname="test2.Invocation_Keyword" name="print_TC1" time="0.000"/>
  <system-out>
    <![CDATA[--running TC1--]]>
  </system-out>
  <testcase classname="test2.Invocation_Keyword" name="print_TC1" time="0.001"/>
  <system-out>
    <![CDATA[--running TC1--]]>
  </system-out>
  <testcase classname="test2.Invocation_Keyword" name="print_TC1" time="0.000"/>
  <system-out>
    <![CDATA[--running TC1--]]>
  </system-out>
  <testcase classname="test2.Invocation_Keyword" name="print_TC1" time="0.001"/>
  <system-out>
    <![CDATA[--running TC1--]]>
  </system-out>
  <testcase classname="test2.Invocation_Keyword" name="print_TC1" time="0.001"/>
  <system-out>
    <![CDATA[--running TC1--]]>
  </system-out>
  <testcase classname="test2.Invocation_Keyword" name="print_TC1" time="0.002"/>
  <system-out>
    <![CDATA[--running TC1--]]>
  </system-out>
  <testcase classname="test2.Invocation_Keyword" name="print_TC1" time="0.001"/>
  <system-out>
    <![CDATA[--running TC1--]]>
  </system-out>
  <testcase classname="test2.Invocation_Keyword" name="print_TC1" time="0.002"/>
  <system-out>
    <![CDATA[--running TC1--]]>
  </system-out>
  <testcase classname="test2.Invocation_Keyword" name="print_TC1" time="0.001"/>
  <system-out>
    <![CDATA[--running TC1--]]>
  </system-out>
  <testcase classname="test2.Invocation_Keyword" name="print_TC1" time="0.001"/>
  <system-out>
    <![CDATA[--running TC1--]]>
  </system-out>
  <testcase classname="test2.Invocation_Keyword" name="print_TC1" time="0.002"/>
  <system-out>
    <![CDATA[--running TC1--]]>
  </system-out>
  <testcase classname="test2.Invocation_Keyword" name="print_TC1" time="0.001"/>
  <system-out>
    <![CDATA[--running TC1--]]>
  </system-out>
  <testcase classname="test2.Invocation_Keyword" name="print_TC1" time="0.000"/>
  <system-out>
    <![CDATA[--running TC1--]]>
  </system-out>
  <testcase classname="test2.Invocation_Keyword" name="print_TC1" time="0.001"/>
  <system-out>
    <![CDATA[--running TC1--]]>
  </system-out>
  <testcase classname="test2.Invocation_Keyword" name="print_TC1" time="0.000"/>
  <system-out>
    <![CDATA[--running TC1--]]>
  </system-out>
  <testcase classname="test2.Invocation_Keyword" name="print_TC1" time="0.001"/>
  <system-out>
    <![CDATA[--running TC1--]]>
  </system-out>
  <testcase classname="test2.Invocation_Keyword" name="print_TC1" time="0.002"/>
  <system-out>
    <![CDATA[--running TC1--]]>
  </system-out>
  <testcase classname="test2.Invocation_Keyword" name="print_TC1" time="0.001"/>
  <system-out>
    <![CDATA[--running TC1--]]>
  </system-out>
  <testcase classname="test2.Invocation_Keyword" name="print_TC1" time="0.001"/>
  <system-out>
    <![CDATA[--running TC1--]]>
  </system-out>
  <testcase classname="test2.Invocation_Keyword" name="print_TC1" time="0.001"/>
  <system-out>
    <![CDATA[--running TC1--]]>
  </system-out>
  <testcase classname="test2.Invocation_Keyword" name="print_TC1" time="0.001"/>
  <system-out>
    <![CDATA[--running TC1--]]>
  </system-out>
  <testcase classname="test2.Invocation_Keyword" name="print_TC1" time="0.001"/>
  <system-out>
    <![CDATA[--running TC1--]]>
  </system-out>
  <testcase classname="test2.Invocation_Keyword" name="print_TC1" time="0.001"/>
  <system-out>
    <![CDATA[--running TC1--]]>
  </system-out>
  <testcase classname="test2.Invocation_Keyword" name="print_TC1" time="0.002"/>
  <system-out>
    <![CDATA[--running TC1--]]>
  </system-out>
  <testcase classname="test2.Invocation_Keyword" name="print_TC1" time="0.001"/>
  <system-out>
    <![CDATA[--running TC1--]]>
  </system-out>
  <testcase classname="test2.Invocation_Keyword" name="print_TC1" time="0.004"/>
  <system-out>
    <![CDATA[--running TC1--]]>
  </system-out>
  <testcase classname="test2.Invocation_Keyword" name="print_TC1" time="0.001"/>
  <system-out>
    <![CDATA[--running TC1--]]>
  </system-out>
  <testcase classname="test2.Invocation_Keyword" name="print_TC1" time="0.001"/>
  <system-out>
    <![CDATA[--running TC1--]]>
  </system-out>
  <testcase classname="test2.Invocation_Keyword" name="print_TC1" time="0.002"/>
  <system-out>
    <![CDATA[--running TC1--]]>
  </system-out>
  <testcase classname="test2.Invocation_Keyword" name="print_TC1" time="0.001"/>
  <system-out>
    <![CDATA[--running TC1--]]>
  </system-out>
  <testcase classname="test2.Invocation_Keyword" name="print_TC1" time="0.000"/>
  <system-out>
    <![CDATA[--running TC1--]]>
  </system-out>
  <testcase classname="test2.Invocation_Keyword" name="print_TC1" time="0.000"/>
  <system-out>
    <![CDATA[--running TC1--]]>
  </system-out>
  <testcase classname="test2.Invocation_Keyword" name="print_TC1" time="0.001"/>
  <system-out>
    <![CDATA[--running TC1--]]>
  </system-out>
  <testcase classname="test2.Invocation_Keyword" name="print_TC1" time="0.001"/>
  <system-out>
    <![CDATA[--running TC1--]]>
  </system-out>
  <testcase classname="test2.Invocation_Keyword" name="print_TC1" time="0.001"/>
  <system-out>
    <![CDATA[--running TC1--]]>
  </system-out>
  <testcase classname="test2.Invocation_Keyword" name="print_TC1" time="0.001"/>
  <system-out>
    <![CDATA[--running TC1--]]>
  </system-out>
  <testcase classname="test2.Invocation_Keyword" name="print_TC1" time="0.002"/>
  <system-out>
    <![CDATA[--running TC1--]]>
  </system-out>
  <testcase classname="test2.Invocation_Keyword" name="print_TC1" time="0.002"/>
  <system-out>
    <![CDATA[--running TC1--]]>
  </system-out>
  <testcase classname="test2.Invocation_Keyword" name="print_TC1" time="0.001"/>
  <system-out>
    <![CDATA[--running TC1--]]>
  </system-out>
  <testcase classname="test2.Invocation_Keyword" name="print_TC1" time="0.002"/>
  <system-out>
    <![CDATA[--running TC1--]]>
  </system-out>
  <testcase classname="test2.Invocation_Keyword" name="print_TC1" time="0.002"/>
  <system-out>
    <![CDATA[--running TC1--]]>
  </system-out>
  <testcase classname="test2.Invocation_Keyword" name="print_TC1" time="0.003"/>
  <system-out>
    <![CDATA[--running TC1--]]>
  </system-out>
  <testcase classname="test2.Invocation_Keyword" name="print_TC1" time="0.000"/>
  <system-out>
    <![CDATA[--running TC1--]]>
  </system-out>
  <testcase classname="test2.Invocation_Keyword" name="print_TC1" time="0.000"/>
  <system-out>
    <![CDATA[--running TC1--]]>
  </system-out>
  <testcase classname="test2.Invocation_Keyword" name="print_TC1" time="0.001"/>
  <system-out>
    <![CDATA[--running TC1--]]>
  </system-out>
  <testcase classname="test2.Invocation_Keyword" name="print_TC1" time="0.000"/>
  <system-out>
    <![CDATA[--running TC1--]]>
  </system-out>
  <testcase classname="test2.Invocation_Keyword" name="print_TC1" time="0.001"/>
  <system-out>
    <![CDATA[--running TC1--]]>
  </system-out>
  <testcase classname="test2.Invocation_Keyword" name="print_TC1" time="0.001"/>
  <system-out>
    <![CDATA[--running TC1--]]>
  </system-out>
  <testcase classname="test2.Invocation_Keyword" name="print_TC1" time="0.001"/>
  <system-out>
    <![CDATA[--running TC1--]]>
  </system-out>
  <testcase classname="test2.Invocation_Keyword" name="print_TC1" time="0.001"/>
  <system-out>
    <![CDATA[--running TC1--]]>
  </system-out>
  <testcase classname="test2.Invocation_Keyword" name="print_TC1" time="0.001"/>
  <system-out>
    <![CDATA[--running TC1--]]>
  </system-out>
  <testcase classname="test2.Invocation_Keyword" name="print_TC1" time="0.000"/>
  <system-out>
    <![CDATA[--running TC1--]]>
  </system-out>
  <testcase classname="test2.Invocation_Keyword" name="print_TC1" time="0.003"/>
  <system-out>
    <![CDATA[--running TC1--]]>
  </system-out>
  <testcase classname="test2.Invocation_Keyword" name="print_TC1" time="0.001"/>
  <system-out>
    <![CDATA[--running TC1--]]>
  </system-out>
  <testcase classname="test2.Invocation_Keyword" name="print_TC1" time="0.000"/>
  <system-out>
    <![CDATA[--running TC1--]]>
  </system-out>
  <testcase classname="test2.Invocation_Keyword" name="print_TC1" time="0.001"/>
  <system-out>
    <![CDATA[--running TC1--]]>
  </system-out>
  <testcase classname="test2.Invocation_Keyword" name="print_TC1" time="0.003"/>
  <system-out>
    <![CDATA[--running TC1--]]>
  </system-out>
  <testcase classname="test2.Invocation_Keyword" name="print_TC1" time="0.001"/>
  <system-out>
    <![CDATA[--running TC1--]]>
  </system-out>
  <testcase classname="test2.Invocation_Keyword" name="print_TC1" time="0.002"/>
  <system-out>
    <![CDATA[--running TC1--]]>
  </system-out>
  <testcase classname="test2.Invocation_Keyword" name="print_TC1" time="0.002"/>
  <system-out>
    <![CDATA[--running TC1--]]>
  </system-out>
  <testcase classname="test2.Invocation_Keyword" name="print_TC1" time="0.002"/>
  <system-out>
    <![CDATA[--running TC1--]]>
  </system-out>
  <testcase classname="test2.Invocation_Keyword" name="print_TC1" time="0.001"/>
  <system-out>
    <![CDATA[--running TC1--]]>
  </system-out>
  <testcase classname="test2.Invocation_Keyword" name="print_TC1" time="0.001"/>
  <system-out>
    <![CDATA[--running TC1--]]>
  </system-out>
  <testcase classname="test2.Invocation_Keyword" name="print_TC1" time="0.001"/>
  <system-out>
    <![CDATA[--running TC1--]]>
  </system-out>
  <testcase classname="test2.Invocation_Keyword" name="print_TC1" time="0.001"/>
  <system-out>
    <![CDATA[--running TC1--]]>
  </system-out>
  <testcase classname="test2.Invocation_Keyword" name="print_TC1" time="0.001"/>
  <system-out>
    <![CDATA[--running TC1--]]>
  </system-out>
  <testcase classname="test2.Invocation_Keyword" name="print_TC1" time="0.000"/>
  <system-out>
    <![CDATA[--running TC1--]]>
  </system-out>
  <testcase classname="test2.Invocation_Keyword" name="print_TC1" time="0.001"/>
  <system-out>
    <![CDATA[--running TC1--]]>
  </system-out>
  <testcase classname="test2.Invocation_Keyword" name="print_TC1" time="0.001"/>
  <system-out>
    <![CDATA[--running TC1--]]>
  </system-out>
  <testcase classname="test2.Invocation_Keyword" name="print_TC1" time="0.000"/>
  <system-out>
    <![CDATA[--running TC1--]]>
  </system-out>
  <testcase classname="test2.Invocation_Keyword" name="print_TC1" time="0.001"/>
  <system-out>
    <![CDATA[--running TC1--]]>
  </system-out>
  <testcase classname="test2.Invocation_Keyword" name="print_TC1" time="0.001"/>
  <system-out>
    <![CDATA[--running TC1--]]>
  </system-out>
  <testcase classname="test2.Invocation_Keyword" name="print_TC1" time="0.001"/>
  <system-out>
    <![CDATA[--running TC1--]]>
  </system-out>
  <testcase classname="test2.Invocation_Keyword" name="print_TC1" time="0.001"/>
  <system-out>
    <![CDATA[--running TC1--]]>
  </system-out>
  <testcase classname="test2.Invocation_Keyword" name="print_TC1" time="0.000"/>
  <system-out>
    <![CDATA[--running TC1--]]>
  </system-out>
  <testcase classname="test2.Invocation_Keyword" name="print_TC1" time="0.000"/>
  <system-out>
    <![CDATA[--running TC1--]]>
  </system-out>
  <testcase classname="test2.Invocation_Keyword" name="print_TC1" time="0.004"/>
  <system-out>
    <![CDATA[--running TC1--]]>
  </system-out>
  <testcase classname="test2.Invocation_Keyword" name="print_TC1" time="0.001"/>
  <system-out>
    <![CDATA[--running TC1--]]>
  </system-out>
  <testcase classname="test2.Invocation_Keyword" name="print_TC1" time="0.001"/>
  <system-out>
    <![CDATA[--running TC1--]]>
  </system-out>
  <testcase classname="test2.Invocation_Keyword" name="print_TC1" time="0.001"/>
  <system-out>
    <![CDATA[--running TC1--]]>
  </system-out>
  <testcase classname="test2.Invocation_Keyword" name="print_TC1" time="0.001"/>
  <system-out>
    <![CDATA[--running TC1--]]>
  </system-out>
  <testcase classname="test2.Invocation_Keyword" name="print_TC1" time="0.000"/>
  <system-out>
    <![CDATA[--running TC1--]]>
  </system-out>
  <testcase classname="test2.Invocation_Keyword" name="print_TC1" time="0.000"/>
  <system-out>
    <![CDATA[--running TC1--]]>
  </system-out>
  <testcase classname="test2.Invocation_Keyword" name="print_TC1" time="0.001"/>
  <system-out>
    <![CDATA[--running TC1--]]>
  </system-out>
  <testcase classname="test2.Invocation_Keyword" name="print_TC1" time="0.000"/>
  <system-out>
    <![CDATA[--running TC1--]]>
  </system-out>
  <testcase classname="test2.Invocation_Keyword" name="print_TC1" time="0.000"/>
  <system-out>
    <![CDATA[--running TC1--]]>
  </system-out>
  <testcase classname="test2.Invocation_Keyword" name="print_TC1" time="0.001"/>
  <system-out>
    <![CDATA[--running TC1--]]>
  </system-out>
  <testcase classname="test2.Invocation_Keyword" name="print_TC1" time="0.001"/>
  <system-out>
    <![CDATA[--running TC1--]]>
  </system-out>
  <testcase classname="test2.Invocation_Keyword" name="print_TC1" time="0.001"/>
  <system-out>
    <![CDATA[--running TC1--]]>
  </system-out>
  <testcase classname="test2.Invocation_Keyword" name="print_TC1" time="0.002"/>
  <system-out>
    <![CDATA[--running TC1--]]>
  </system-out>
  <testcase classname="test2.Invocation_Keyword" name="print_TC1" time="0.001"/>
  <system-out>
    <![CDATA[--running TC1--]]>
  </system-out>
  <testcase classname="test2.Invocation_Keyword" name="print_TC1" time="0.001"/>
  <system-out>
    <![CDATA[--running TC1--]]>
  </system-out>
  <testcase classname="test2.Invocation_Keyword" name="print_TC1" time="0.002"/>
  <system-out>
    <![CDATA[--running TC1--]]>
  </system-out>
  <testcase classname="test2.Invocation_Keyword" name="print_TC1" time="0.001"/>
  <system-out>
    <![CDATA[--running TC1--]]>
  </system-out>
  <testcase classname="test2.Invocation_Keyword" name="print_TC1" time="0.001"/>
  <system-out>
    <![CDATA[--running TC1--]]>
  </system-out>
  <testcase classname="test2.Invocation_Keyword" name="print_TC1" time="0.001"/>
  <system-out>
    <![CDATA[--running TC1--]]>
  </system-out>
  <testcase classname="test2.Invocation_Keyword" name="print_TC1" time="0.001"/>
  <system-out>
    <![CDATA[--running TC1--]]>
  </system-out>
  <testcase classname="test2.Invocation_Keyword" name="print_TC1" time="0.001"/>
  <system-out>
    <![CDATA[--running TC1--]]>
  </system-out>
  <testcase classname="test2.Invocation_Keyword" name="print_TC1" time="0.001"/>
  <system-out>
    <![CDATA[--running TC1--]]>
  </system-out>
  <testcase classname="test2.Invocation_Keyword" name="print_TC1" time="0.000"/>
  <system-out>
    <![CDATA[--running TC1--]]>
  </system-out>
  <testcase classname="test2.Invocation_Keyword" name="print_TC1" time="0.001"/>
  <system-out>
    <![CDATA[--running TC1--]]>
  </system-out>
  <testcase classname="test2.Invocation_Keyword" name="print_TC1" time="0.000"/>
  <system-out>
    <![CDATA[--running TC1--]]>
  </system-out>
  <testcase classname="test2.Invocation_Keyword" name="print_TC1" time="0.002"/>
  <system-out>
    <![CDATA[--running TC1--]]>
  </system-out>
  <testcase classname="test2.Invocation_Keyword" name="print_TC1" time="0.001"/>
  <system-out>
    <![CDATA[--running TC1--]]>
  </system-out>
  <testcase classname="test2.Invocation_Keyword" name="print_TC1" time="0.002"/>
  <system-out>
    <![CDATA[--running TC1--]]>
  </system-out>
  <testcase classname="test2.Invocation_Keyword" name="print_TC1" time="0.004"/>
  <system-out>
    <![CDATA[--running TC1--]]>
  </system-out>
  <testcase classname="test2.Invocation_Keyword" name="print_TC1" time="0.001"/>
  <system-out>
    <![CDATA[--running TC1--]]>
  </system-out>
  <testcase classname="test2.Invocation_Keyword" name="print_TC1" time="0.001"/>
  <system-out>
    <![CDATA[--running TC1--]]>
  </system-out>
  <testcase classname="test2.Invocation_Keyword" name="print_TC1" time="0.001"/>
  <system-out>
    <![CDATA[--running TC1--]]>
  </system-out>
  <testcase classname="test2.Invocation_Keyword" name="print_TC1" time="0.001"/>
  <system-out>
    <![CDATA[--running TC1--]]>
  </system-out>
  <testcase classname="test2.Invocation_Keyword" name="print_TC1" time="0.001"/>
  <system-out>
    <![CDATA[--running TC1--]]>
  </system-out>
  <testcase classname="test2.Invocation_Keyword" name="print_TC1" time="0.001"/>
  <system-out>
    <![CDATA[--running TC1--]]>
  </system-out>
  <testcase classname="test2.Invocation_Keyword" name="print_TC1" time="0.000"/>
  <system-out>
    <![CDATA[--running TC1--]]>
  </system-out>
  <testcase classname="test2.Invocation_Keyword" name="print_TC1" time="0.001"/>
  <system-out>
    <![CDATA[--running TC1--]]>
  </system-out>
  <testcase classname="test2.Invocation_Keyword" name="print_TC1" time="0.001"/>
  <system-out>
    <![CDATA[--running TC1--]]>
  </system-out>
  <testcase classname="test2.Invocation_Keyword" name="print_TC1" time="0.000"/>
  <system-out>
    <![CDATA[--running TC1--]]>
  </system-out>
  <testcase classname="test2.Invocation_Keyword" name="print_TC1" time="0.000"/>
  <system-out>
    <![CDATA[--running TC1--]]>
  </system-out>
  <testcase classname="test2.Invocation_Keyword" name="print_TC1" time="0.001"/>
  <system-out>
    <![CDATA[--running TC1--]]>
  </system-out>
  <testcase classname="test2.Invocation_Keyword" name="print_TC1" time="0.001"/>
  <system-out>
    <![CDATA[--running TC1--]]>
  </system-out>
  <testcase classname="test2.Invocation_Keyword" name="print_TC1" time="0.001"/>
  <system-out>
    <![CDATA[--running TC1--]]>
  </system-out>
  <testcase classname="test2.Invocation_Keyword" name="print_TC1" time="0.001"/>
  <system-out>
    <![CDATA[--running TC1--]]>
  </system-out>
  <testcase classname="test2.Invocation_Keyword" name="print_TC1" time="0.001"/>
  <system-out>
    <![CDATA[--running TC1--]]>
  </system-out>
  <testcase classname="test2.Invocation_Keyword" name="print_TC1" time="0.002"/>
  <system-out>
    <![CDATA[--running TC1--]]>
  </system-out>
  <testcase classname="test2.Invocation_Keyword" name="print_TC1" time="0.001"/>
  <system-out>
    <![CDATA[--running TC1--]]>
  </system-out>
  <testcase classname="test2.Invocation_Keyword" name="print_TC1" time="0.001"/>
  <system-out>
    <![CDATA[--running TC1--]]>
  </system-out>
  <testcase classname="test2.Invocation_Keyword" name="print_TC1" time="0.001"/>
  <system-out>
    <![CDATA[--running TC1--]]>
  </system-out>
  <testcase classname="test2.Invocation_Keyword" name="print_TC1" time="0.000"/>
  <system-out>
    <![CDATA[--running TC1--]]>
  </system-out>
  <testcase classname="test2.Invocation_Keyword" name="print_TC1" time="0.000"/>
  <system-out>
    <![CDATA[--running TC1--]]>
  </system-out>
  <testcase classname="test2.Invocation_Keyword" name="print_TC1" time="0.001"/>
  <system-out>
    <![CDATA[--running TC1--]]>
  </system-out>
  <testcase classname="test2.Invocation_Keyword" name="print_TC1" time="0.001"/>
  <system-out>
    <![CDATA[--running TC1--]]>
  </system-out>
  <testcase classname="test2.Invocation_Keyword" name="print_TC1" time="0.000"/>
  <system-out>
    <![CDATA[--running TC1--]]>
  </system-out>
  <testcase classname="test2.Invocation_Keyword" name="print_TC1" time="0.001"/>
  <system-out>
    <![CDATA[--running TC1--]]>
  </system-out>
  <testcase classname="test2.Invocation_Keyword" name="print_TC1" time="0.001"/>
  <system-out>
    <![CDATA[--running TC1--]]>
  </system-out>
  <testcase classname="test2.Invocation_Keyword" name="print_TC1" time="0.002"/>
  <system-out>
    <![CDATA[--running TC1--]]>
  </system-out>
  <testcase classname="test2.Invocation_Keyword" name="print_TC1" time="0.002"/>
  <system-out>
    <![CDATA[--running TC1--]]>
  </system-out>
  <testcase classname="test2.Invocation_Keyword" name="print_TC1" time="0.002"/>
  <system-out>
    <![CDATA[--running TC1--]]>
  </system-out>
  <testcase classname="test2.Invocation_Keyword" name="print_TC1" time="0.001"/>
  <system-out>
    <![CDATA[--running TC1--]]>
  </system-out>
  <testcase classname="test2.Invocation_Keyword" name="print_TC1" time="0.000"/>
  <system-out>
    <![CDATA[--running TC1--]]>
  </system-out>
  <testcase classname="test2.Invocation_Keyword" name="print_TC1" time="0.001"/>
  <system-out>
    <![CDATA[--running TC1--]]>
  </system-out>
  <testcase classname="test2.Invocation_Keyword" name="print_TC1" time="0.001"/>
  <system-out>
    <![CDATA[--running TC1--]]>
  </system-out>
  <testcase classname="test2.Invocation_Keyword" name="print_TC1" time="0.002"/>
  <system-out>
    <![CDATA[--running TC1--]]>
  </system-out>
  <testcase classname="test2.Invocation_Keyword" name="print_TC1" time="0.001"/>
  <system-out>
    <![CDATA[--running TC1--]]>
  </system-out>
  <testcase classname="test2.Invocation_Keyword" name="print_TC1" time="0.001"/>
  <system-out>
    <![CDATA[--running TC1--]]>
  </system-out>
  <testcase classname="test2.Invocation_Keyword" name="print_TC1" time="0.001"/>
  <system-out>
    <![CDATA[--running TC1--]]>
  </system-out>
  <testcase classname="test2.Invocation_Keyword" name="print_TC1" time="0.002"/>
  <system-out>
    <![CDATA[--running TC1--]]>
  </system-out>
  <testcase classname="test2.Invocation_Keyword" name="print_TC1" time="0.001"/>
  <system-out>
    <![CDATA[--running TC1--]]>
  </system-out>
  <testcase classname="test2.Invocation_Keyword" name="print_TC1" time="0.001"/>
  <system-out>
    <![CDATA[--running TC1--]]>
  </system-out>
  <testcase classname="test2.Invocation_Keyword" name="print_TC1" time="0.001"/>
  <system-out>
    <![CDATA[--running TC1--]]>
  </system-out>
  <testcase classname="test2.Invocation_Keyword" name="print_TC1" time="0.001"/>
  <system-out>
    <![CDATA[--running TC1--]]>
  </system-out>
  <testcase classname="test2.Invocation_Keyword" name="print_TC1" time="0.001"/>
  <system-out>
    <![CDATA[--running TC1--]]>
  </system-out>
  <testcase classname="test2.Invocation_Keyword" name="print_TC1" time="0.001"/>
  <system-out>
    <![CDATA[--running TC1--]]>
  </system-out>
  <testcase classname="test2.Invocation_Keyword" name="print_TC1" time="0.001"/>
  <system-out>
    <![CDATA[--running TC1--]]>
  </system-out>
  <testcase classname="test2.Invocation_Keyword" name="print_TC1" time="0.001"/>
  <system-out>
    <![CDATA[--running TC1--]]>
  </system-out>
  <testcase classname="test2.Invocation_Keyword" name="print_TC1" time="0.001"/>
  <system-out>
    <![CDATA[--running TC1--]]>
  </system-out>
  <testcase classname="test2.Invocation_Keyword" name="print_TC1" time="0.000"/>
  <system-out>
    <![CDATA[--running TC1--]]>
  </system-out>
  <testcase classname="test2.Invocation_Keyword" name="print_TC1" time="0.001"/>
  <system-out>
    <![CDATA[--running TC1--]]>
  </system-out>
  <testcase classname="test2.Invocation_Keyword" name="print_TC1" time="0.000"/>
  <system-out>
    <![CDATA[--running TC1--]]>
  </system-out>
  <testcase classname="test2.Invocation_Keyword" name="print_TC1" time="0.001"/>
  <system-out>
    <![CDATA[--running TC1--]]>
  </system-out>
  <testcase classname="test2.Invocation_Keyword" name="print_TC1" time="0.001"/>
  <system-out>
    <![CDATA[--running TC1--]]>
  </system-out>
  <testcase classname="test2.Invocation_Keyword" name="print_TC1" time="0.003"/>
  <system-out>
    <![CDATA[--running TC1--]]>
  </system-out>
  <testcase classname="test2.Invocation_Keyword" name="print_TC1" time="0.001"/>
  <system-out>
    <![CDATA[--running TC1--]]>
  </system-out>
  <testcase classname="test2.Invocation_Keyword" name="print_TC1" time="0.001"/>
  <system-out>
    <![CDATA[--running TC1--]]>
  </system-out>
  <testcase classname="test2.Invocation_Keyword" name="print_TC1" time="0.001"/>
  <system-out>
    <![CDATA[--running TC1--]]>
  </system-out>
  <testcase classname="test2.Invocation_Keyword" name="print_TC1" time="0.003"/>
  <system-out>
    <![CDATA[--running TC1--]]>
  </system-out>
  <testcase classname="test2.Invocation_Keyword" name="print_TC1" time="0.001"/>
  <system-out>
    <![CDATA[--running TC1--]]>
  </system-out>
  <testcase classname="test2.Invocation_Keyword" name="print_TC1" time="0.000"/>
  <system-out>
    <![CDATA[--running TC1--]]>
  </system-out>
  <testcase classname="test2.Invocation_Keyword" name="print_TC1" time="0.002"/>
  <system-out>
    <![CDATA[--running TC1--]]>
  </system-out>
  <testcase classname="test2.Invocation_Keyword" name="print_TC1" time="0.002"/>
  <system-out>
    <![CDATA[--running TC1--]]>
  </system-out>
  <testcase classname="test2.Invocation_Keyword" name="print_TC1" time="0.009"/>
  <system-out>
    <![CDATA[--running TC1--]]>
  </system-out>
  <testcase classname="test2.Invocation_Keyword" name="print_TC1" time="0.002"/>
  <system-out>
    <![CDATA[--running TC1--]]>
  </system-out>
  <testcase classname="test2.Invocation_Keyword" name="print_TC1" time="0.002"/>
  <system-out>
    <![CDATA[--running TC1--]]>
  </system-out>
  <testcase classname="test2.Invocation_Keyword" name="print_TC1" time="0.002"/>
  <system-out>
    <![CDATA[--running TC1--]]>
  </system-out>
  <testcase classname="test2.Invocation_Keyword" name="print_TC1" time="0.001"/>
  <system-out>
    <![CDATA[--running TC1--]]>
  </system-out>
  <testcase classname="test2.Invocation_Keyword" name="print_TC1" time="0.002"/>
  <system-out>
    <![CDATA[--running TC1--]]>
  </system-out>
  <testcase classname="test2.Invocation_Keyword" name="print_TC1" time="0.001"/>
  <system-out>
    <![CDATA[--running TC1--]]>
  </system-out>
  <testcase classname="test2.Invocation_Keyword" name="print_TC1" time="0.000"/>
  <system-out>
    <![CDATA[--running TC1--]]>
  </system-out>
  <testcase classname="test2.Invocation_Keyword" name="print_TC1" time="0.001"/>
  <system-out>
    <![CDATA[--running TC1--]]>
  </system-out>
  <testcase classname="test2.Invocation_Keyword" name="print_TC1" time="0.001"/>
  <system-out>
    <![CDATA[--running TC1--]]>
  </system-out>
  <testcase classname="test2.Invocation_Keyword" name="print_TC1" time="0.000"/>
  <system-out>
    <![CDATA[--running TC1--]]>
  </system-out>
  <testcase classname="test2.Invocation_Keyword" name="print_TC1" time="0.000"/>
  <system-out>
    <![CDATA[--running TC1--]]>
  </system-out>
  <testcase classname="test2.Invocation_Keyword" name="print_TC1" time="0.001"/>
  <system-out>
    <![CDATA[--running TC1--]]>
  </system-out>
  <testcase classname="test2.Invocation_Keyword" name="print_TC1" time="0.001"/>
  <system-out>
    <![CDATA[--running TC1--]]>
  </system-out>
  <testcase classname="test2.Invocation_Keyword" name="print_TC1" time="0.019"/>
  <system-out>
    <![CDATA[--running TC1--]]>
  </system-out>
  <testcase classname="test2.Invocation_Keyword" name="print_TC1" time="0.003"/>
  <system-out>
    <![CDATA[--running TC1--]]>
  </system-out>
  <testcase classname="test2.Invocation_Keyword" name="print_TC1" time="0.000"/>
  <system-out>
    <![CDATA[--running TC1--]]>
  </system-out>
  <testcase classname="test2.Invocation_Keyword" name="print_TC1" time="0.001"/>
  <system-out>
    <![CDATA[--running TC1--]]>
  </system-out>
  <testcase classname="test2.Invocation_Keyword" name="print_TC1" time="0.000"/>
  <system-out>
    <![CDATA[--running TC1--]]>
  </system-out>
  <testcase classname="test2.Invocation_Keyword" name="print_TC1" time="0.000"/>
  <system-out>
    <![CDATA[--running TC1--]]>
  </system-out>
  <testcase classname="test2.Invocation_Keyword" name="print_TC1" time="0.001"/>
  <system-out>
    <![CDATA[--running TC1--]]>
  </system-out>
  <testcase classname="test2.Invocation_Keyword" name="print_TC1" time="0.002"/>
  <system-out>
    <![CDATA[--running TC1--]]>
  </system-out>
  <testcase classname="test2.Invocation_Keyword" name="print_TC1" time="0.000"/>
  <system-out>
    <![CDATA[--running TC1--]]>
  </system-out>
  <testcase classname="test2.Invocation_Keyword" name="print_TC1" time="0.002"/>
  <system-out>
    <![CDATA[--running TC1--]]>
  </system-out>
  <testcase classname="test2.Invocation_Keyword" name="print_TC1" time="0.000"/>
  <system-out>
    <![CDATA[--running TC1--]]>
  </system-out>
  <testcase classname="test2.Invocation_Keyword" name="print_TC1" time="0.001"/>
  <system-out>
    <![CDATA[--running TC1--]]>
  </system-out>
  <testcase classname="test2.Invocation_Keyword" name="print_TC1" time="0.001"/>
  <system-out>
    <![CDATA[--running TC1--]]>
  </system-out>
  <testcase classname="test2.Invocation_Keyword" name="print_TC1" time="0.001"/>
  <system-out>
    <![CDATA[--running TC1--]]>
  </system-out>
  <testcase classname="test2.Invocation_Keyword" name="print_TC1" time="0.002"/>
  <system-out>
    <![CDATA[--running TC1--]]>
  </system-out>
  <testcase classname="test2.Invocation_Keyword" name="print_TC1" time="0.000"/>
  <system-out>
    <![CDATA[--running TC1--]]>
  </system-out>
  <testcase classname="test2.Invocation_Keyword" name="print_TC1" time="0.002"/>
  <system-out>
    <![CDATA[--running TC1--]]>
  </system-out>
  <testcase classname="test2.Invocation_Keyword" name="print_TC1" time="0.001"/>
  <system-out>
    <![CDATA[--running TC1--]]>
  </system-out>
  <testcase classname="test2.Invocation_Keyword" name="print_TC1" time="0.001"/>
  <system-out>
    <![CDATA[--running TC1--]]>
  </system-out>
  <testcase classname="test2.Invocation_Keyword" name="print_TC1" time="0.001"/>
  <system-out>
    <![CDATA[--running TC1--]]>
  </system-out>
  <testcase classname="test2.Invocation_Keyword" name="print_TC1" time="0.001"/>
  <system-out>
    <![CDATA[--running TC1--]]>
  </system-out>
  <testcase classname="test2.Invocation_Keyword" name="print_TC1" time="0.000"/>
  <system-out>
    <![CDATA[--running TC1--]]>
  </system-out>
  <testcase classname="test2.Invocation_Keyword" name="print_TC1" time="0.002"/>
  <system-out>
    <![CDATA[--running TC1--]]>
  </system-out>
  <testcase classname="test2.Invocation_Keyword" name="print_TC1" time="0.001"/>
  <system-out>
    <![CDATA[--running TC1--]]>
  </system-out>
  <testcase classname="test2.Invocation_Keyword" name="print_TC1" time="0.001"/>
  <system-out>
    <![CDATA[--running TC1--]]>
  </system-out>
  <testcase classname="test2.Invocation_Keyword" name="print_TC1" time="0.002"/>
  <system-out>
    <![CDATA[--running TC1--]]>
  </system-out>
  <testcase classname="test2.Invocation_Keyword" name="print_TC1" time="0.000"/>
  <system-out>
    <![CDATA[--running TC1--]]>
  </system-out>
  <testcase classname="test2.Invocation_Keyword" name="print_TC1" time="0.002"/>
  <system-out>
    <![CDATA[--running TC1--]]>
  </system-out>
  <testcase classname="test2.Invocation_Keyword" name="print_TC1" time="0.001"/>
  <system-out>
    <![CDATA[--running TC1--]]>
  </system-out>
  <testcase classname="test2.Invocation_Keyword" name="print_TC1" time="0.000"/>
  <system-out>
    <![CDATA[--running TC1--]]>
  </system-out>
  <testcase classname="test2.Invocation_Keyword" name="print_TC1" time="0.001"/>
  <system-out>
    <![CDATA[--running TC1--]]>
  </system-out>
  <testcase classname="test2.Invocation_Keyword" name="print_TC1" time="0.002"/>
  <system-out>
    <![CDATA[--running TC1--]]>
  </system-out>
  <testcase classname="test2.Invocation_Keyword" name="print_TC1" time="0.001"/>
  <system-out>
    <![CDATA[--running TC1--]]>
  </system-out>
  <testcase classname="test2.Invocation_Keyword" name="print_TC1" time="0.001"/>
  <system-out>
    <![CDATA[--running TC1--]]>
  </system-out>
  <testcase classname="test2.Invocation_Keyword" name="print_TC1" time="0.001"/>
  <system-out>
    <![CDATA[--running TC1--]]>
  </system-out>
  <testcase classname="test2.Invocation_Keyword" name="print_TC1" time="0.002"/>
  <system-out>
    <![CDATA[--running TC1--]]>
  </system-out>
  <testcase classname="test2.Invocation_Keyword" name="print_TC1" time="0.001"/>
  <system-out>
    <![CDATA[--running TC1--]]>
  </system-out>
  <testcase classname="test2.Invocation_Keyword" name="print_TC1" time="0.002"/>
  <system-out>
    <![CDATA[--running TC1--]]>
  </system-out>
  <testcase classname="test2.Invocation_Keyword" name="print_TC1" time="0.000"/>
  <system-out>
    <![CDATA[--running TC1--]]>
  </system-out>
  <testcase classname="test2.Invocation_Keyword" name="print_TC1" time="0.000"/>
  <system-out>
    <![CDATA[--running TC1--]]>
  </system-out>
  <testcase classname="test2.Invocation_Keyword" name="print_TC1" time="0.002"/>
  <system-out>
    <![CDATA[--running TC1--]]>
  </system-out>
  <testcase classname="test2.Invocation_Keyword" name="print_TC1" time="0.001"/>
  <system-out>
    <![CDATA[--running TC1--]]>
  </system-out>
  <testcase classname="test2.Invocation_Keyword" name="print_TC1" time="0.002"/>
  <system-out>
    <![CDATA[--running TC1--]]>
  </system-out>
  <testcase classname="test2.Invocation_Keyword" name="print_TC1" time="0.001"/>
  <system-out>
    <![CDATA[--running TC1--]]>
  </system-out>
  <testcase classname="test2.Invocation_Keyword" name="print_TC1" time="0.002"/>
  <system-out>
    <![CDATA[--running TC1--]]>
  </system-out>
  <testcase classname="test2.Invocation_Keyword" name="print_TC1" time="0.002"/>
  <system-out>
    <![CDATA[--running TC1--]]>
  </system-out>
  <testcase classname="test2.Invocation_Keyword" name="print_TC1" time="0.001"/>
  <system-out>
    <![CDATA[--running TC1--]]>
  </system-out>
  <testcase classname="test2.Invocation_Keyword" name="print_TC1" time="0.002"/>
  <system-out>
    <![CDATA[--running TC1--]]>
  </system-out>
  <testcase classname="test2.Invocation_Keyword" name="print_TC1" time="0.002"/>
  <system-out>
    <![CDATA[--running TC1--]]>
  </system-out>
  <testcase classname="test2.Invocation_Keyword" name="print_TC1" time="0.001"/>
  <system-out>
    <![CDATA[--running TC1--]]>
  </system-out>
  <testcase classname="test2.Invocation_Keyword" name="print_TC1" time="0.002"/>
  <system-out>
    <![CDATA[--running TC1--]]>
  </system-out>
  <testcase classname="test2.Invocation_Keyword" name="print_TC1" time="0.001"/>
  <system-out>
    <![CDATA[--running TC1--]]>
  </system-out>
  <testcase classname="test2.Invocation_Keyword" name="print_TC1" time="0.000"/>
  <system-out>
    <![CDATA[--running TC1--]]>
  </system-out>
  <testcase classname="test2.Invocation_Keyword" name="print_TC1" time="0.001"/>
  <system-out>
    <![CDATA[--running TC1--]]>
  </system-out>
  <testcase classname="test2.Invocation_Keyword" name="print_TC1" time="0.001"/>
  <system-out>
    <![CDATA[--running TC1--]]>
  </system-out>
  <testcase classname="test2.Invocation_Keyword" name="print_TC1" time="0.000"/>
  <system-out>
    <![CDATA[--running TC1--]]>
  </system-out>
  <testcase classname="test2.Invocation_Keyword" name="print_TC1" time="0.001"/>
  <system-out>
    <![CDATA[--running TC1--]]>
  </system-out>
  <testcase classname="test2.Invocation_Keyword" name="print_TC1" time="0.001"/>
  <system-out>
    <![CDATA[--running TC1--]]>
  </system-out>
  <testcase classname="test2.Invocation_Keyword" name="print_TC1" time="0.001"/>
  <system-out>
    <![CDATA[--running TC1--]]>
  </system-out>
  <testcase classname="test2.Invocation_Keyword" name="print_TC1" time="0.002"/>
  <system-out>
    <![CDATA[--running TC1--]]>
  </system-out>
  <testcase classname="test2.Invocation_Keyword" name="print_TC1" time="0.001"/>
  <system-out>
    <![CDATA[--running TC1--]]>
  </system-out>
  <testcase classname="test2.Invocation_Keyword" name="print_TC1" time="0.001"/>
  <system-out>
    <![CDATA[--running TC1--]]>
  </system-out>
  <testcase classname="test2.Invocation_Keyword" name="print_TC1" time="0.001"/>
  <system-out>
    <![CDATA[--running TC1--]]>
  </system-out>
  <testcase classname="test2.Invocation_Keyword" name="print_TC1" time="0.002"/>
  <system-out>
    <![CDATA[--running TC1--]]>
  </system-out>
  <testcase classname="test2.Invocation_Keyword" name="print_TC1" time="0.005"/>
  <system-out>
    <![CDATA[--running TC1--]]>
  </system-out>
  <testcase classname="test2.Invocation_Keyword" name="print_TC1" time="0.000"/>
  <system-out>
    <![CDATA[--running TC1--]]>
  </system-out>
  <testcase classname="test2.Invocation_Keyword" name="print_TC1" time="0.001"/>
  <system-out>
    <![CDATA[--running TC1--]]>
  </system-out>
  <testcase classname="test2.Invocation_Keyword" name="print_TC1" time="0.000"/>
  <system-out>
    <![CDATA[--running TC1--]]>
  </system-out>
  <testcase classname="test2.Invocation_Keyword" name="print_TC1" time="0.001"/>
  <system-out>
    <![CDATA[--running TC1--]]>
  </system-out>
  <testcase classname="test2.Invocation_Keyword" name="print_TC1" time="0.001"/>
  <system-out>
    <![CDATA[--running TC1--]]>
  </system-out>
  <testcase classname="test2.Invocation_Keyword" name="print_TC1" time="0.001"/>
  <system-out>
    <![CDATA[--running TC1--]]>
  </system-out>
  <testcase classname="test2.Invocation_Keyword" name="print_TC1" time="0.002"/>
  <system-out>
    <![CDATA[--running TC1--]]>
  </system-out>
  <testcase classname="test2.Invocation_Keyword" name="print_TC1" time="0.002"/>
  <system-out>
    <![CDATA[--running TC1--]]>
  </system-out>
  <testcase classname="test2.Invocation_Keyword" name="print_TC1" time="0.002"/>
  <system-out>
    <![CDATA[--running TC1--]]>
  </system-out>
  <testcase classname="test2.Invocation_Keyword" name="print_TC1" time="0.001"/>
  <system-out>
    <![CDATA[--running TC1--]]>
  </system-out>
  <testcase classname="test2.Invocation_Keyword" name="print_TC1" time="0.002"/>
  <system-out>
    <![CDATA[--running TC1--]]>
  </system-out>
  <testcase classname="test2.Invocation_Keyword" name="print_TC1" time="0.002"/>
  <system-out>
    <![CDATA[--running TC1--]]>
  </system-out>
  <testcase classname="test2.Invocation_Keyword" name="print_TC1" time="0.001"/>
  <system-out>
    <![CDATA[--running TC1--]]>
  </system-out>
  <testcase classname="test2.Invocation_Keyword" name="print_TC1" time="0.001"/>
  <system-out>
    <![CDATA[--running TC1--]]>
  </system-out>
  <testcase classname="test2.Invocation_Keyword" name="print_TC1" time="0.001"/>
  <system-out>
    <![CDATA[--running TC1--]]>
  </system-out>
  <testcase classname="test2.Invocation_Keyword" name="print_TC1" time="0.001"/>
  <system-out>
    <![CDATA[--running TC1--]]>
  </system-out>
  <testcase classname="test2.Invocation_Keyword" name="print_TC1" time="0.002"/>
  <system-out>
    <![CDATA[--running TC1--]]>
  </system-out>
  <testcase classname="test2.Invocation_Keyword" name="print_TC1" time="0.001"/>
  <system-out>
    <![CDATA[--running TC1--]]>
  </system-out>
  <testcase classname="test2.Invocation_Keyword" name="print_TC1" time="0.001"/>
  <system-out>
    <![CDATA[--running TC1--]]>
  </system-out>
  <testcase classname="test2.Invocation_Keyword" name="print_TC1" time="0.000"/>
  <system-out>
    <![CDATA[--running TC1--]]>
  </system-out>
  <testcase classname="test2.Invocation_Keyword" name="print_TC1" time="0.001"/>
  <system-out>
    <![CDATA[--running TC1--]]>
  </system-out>
  <testcase classname="test2.Invocation_Keyword" name="print_TC1" time="0.002"/>
  <system-out>
    <![CDATA[--running TC1--]]>
  </system-out>
  <testcase classname="test2.Invocation_Keyword" name="print_TC1" time="0.001"/>
  <system-out>
    <![CDATA[--running TC1--]]>
  </system-out>
  <testcase classname="test2.Invocation_Keyword" name="print_TC1" time="0.002"/>
  <system-out>
    <![CDATA[--running TC1--]]>
  </system-out>
  <testcase classname="test2.Invocation_Keyword" name="print_TC1" time="0.002"/>
  <system-out>
    <![CDATA[--running TC1--]]>
  </system-out>
  <testcase classname="test2.Invocation_Keyword" name="print_TC1" time="0.002"/>
  <system-out>
    <![CDATA[--running TC1--]]>
  </system-out>
  <testcase classname="test2.Invocation_Keyword" name="print_TC1" time="0.000"/>
  <system-out>
    <![CDATA[--running TC1--]]>
  </system-out>
  <testcase classname="test2.Invocation_Keyword" name="print_TC1" time="0.002"/>
  <system-out>
    <![CDATA[--running TC1--]]>
  </system-out>
  <testcase classname="test2.Invocation_Keyword" name="print_TC1" time="0.002"/>
  <system-out>
    <![CDATA[--running TC1--]]>
  </system-out>
  <testcase classname="test2.Invocation_Keyword" name="print_TC1" time="0.002"/>
  <system-out>
    <![CDATA[--running TC1--]]>
  </system-out>
  <testcase classname="test2.Invocation_Keyword" name="print_TC1" time="0.001"/>
  <system-out>
    <![CDATA[--running TC1--]]>
  </system-out>
  <testcase classname="test2.Invocation_Keyword" name="print_TC1" time="0.001"/>
  <system-out>
    <![CDATA[--running TC1--]]>
  </system-out>
  <testcase classname="test2.Invocation_Keyword" name="print_TC1" time="0.001"/>
  <system-out>
    <![CDATA[--running TC1--]]>
  </system-out>
  <testcase classname="test2.Invocation_Keyword" name="print_TC1" time="0.002"/>
  <system-out>
    <![CDATA[--running TC1--]]>
  </system-out>
  <testcase classname="test2.Invocation_Keyword" name="print_TC1" time="0.000"/>
  <system-out>
    <![CDATA[--running TC1--]]>
  </system-out>
  <testcase classname="test2.Invocation_Keyword" name="print_TC1" time="0.002"/>
  <system-out>
    <![CDATA[--running TC1--]]>
  </system-out>
  <testcase classname="test2.Invocation_Keyword" name="print_TC1" time="0.001"/>
  <system-out>
    <![CDATA[--running TC1--]]>
  </system-out>
  <testcase classname="test2.Invocation_Keyword" name="print_TC1" time="0.002"/>
  <system-out>
    <![CDATA[--running TC1--]]>
  </system-out>
  <testcase classname="test2.Invocation_Keyword" name="print_TC1" time="0.002"/>
  <system-out>
    <![CDATA[--running TC1--]]>
  </system-out>
  <testcase classname="test2.Invocation_Keyword" name="print_TC1" time="0.001"/>
  <system-out>
    <![CDATA[--running TC1--]]>
  </system-out>
  <testcase classname="test2.Invocation_Keyword" name="print_TC1" time="0.000"/>
  <system-out>
    <![CDATA[--running TC1--]]>
  </system-out>
  <testcase classname="test2.Invocation_Keyword" name="print_TC1" time="0.002"/>
  <system-out>
    <![CDATA[--running TC1--]]>
  </system-out>
  <testcase classname="test2.Invocation_Keyword" name="print_TC1" time="0.000"/>
  <system-out>
    <![CDATA[--running TC1--]]>
  </system-out>
  <testcase classname="test2.Invocation_Keyword" name="print_TC1" time="0.001"/>
  <system-out>
    <![CDATA[--running TC1--]]>
  </system-out>
  <testcase classname="test2.Invocation_Keyword" name="print_TC1" time="0.002"/>
  <system-out>
    <![CDATA[--running TC1--]]>
  </system-out>
  <testcase classname="test2.Invocation_Keyword" name="print_TC1" time="0.005"/>
  <system-out>
    <![CDATA[--running TC1--]]>
  </system-out>
  <testcase classname="test2.Invocation_Keyword" name="print_TC1" time="0.001"/>
  <system-out>
    <![CDATA[--running TC1--]]>
  </system-out>
  <testcase classname="test2.Invocation_Keyword" name="print_TC1" time="0.001"/>
  <system-out>
    <![CDATA[--running TC1--]]>
  </system-out>
  <testcase classname="test2.Invocation_Keyword" name="print_TC1" time="0.000"/>
  <system-out>
    <![CDATA[--running TC1--]]>
  </system-out>
  <testcase classname="test2.Invocation_Keyword" name="print_TC1" time="0.000"/>
  <system-out>
    <![CDATA[--running TC1--]]>
  </system-out>
  <testcase classname="test2.Invocation_Keyword" name="print_TC1" time="0.001"/>
  <system-out>
    <![CDATA[--running TC1--]]>
  </system-out>
  <testcase classname="test2.Invocation_Keyword" name="print_TC1" time="0.001"/>
  <system-out>
    <![CDATA[--running TC1--]]>
  </system-out>
  <testcase classname="test2.Invocation_Keyword" name="print_TC1" time="0.001"/>
  <system-out>
    <![CDATA[--running TC1--]]>
  </system-out>
  <testcase classname="test2.Invocation_Keyword" name="print_TC1" time="0.001"/>
  <system-out>
    <![CDATA[--running TC1--]]>
  </system-out>
  <testcase classname="test2.Invocation_Keyword" name="print_TC1" time="0.001"/>
  <system-out>
    <![CDATA[--running TC1--]]>
  </system-out>
  <testcase classname="test2.Invocation_Keyword" name="print_TC1" time="0.001"/>
  <system-out>
    <![CDATA[--running TC1--]]>
  </system-out>
  <testcase classname="test2.Invocation_Keyword" name="print_TC1" time="0.001"/>
  <system-out>
    <![CDATA[--running TC1--]]>
  </system-out>
  <testcase classname="test2.Invocation_Keyword" name="print_TC1" time="0.001"/>
  <system-out>
    <![CDATA[--running TC1--]]>
  </system-out>
  <testcase classname="test2.Invocation_Keyword" name="print_TC1" time="0.000"/>
  <system-out>
    <![CDATA[--running TC1--]]>
  </system-out>
  <testcase classname="test2.Invocation_Keyword" name="print_TC1" time="0.002"/>
  <system-out>
    <![CDATA[--running TC1--]]>
  </system-out>
  <testcase classname="test2.Invocation_Keyword" name="print_TC1" time="0.000"/>
  <system-out>
    <![CDATA[--running TC1--]]>
  </system-out>
  <testcase classname="test2.Invocation_Keyword" name="print_TC1" time="0.002"/>
  <system-out>
    <![CDATA[--running TC1--]]>
  </system-out>
  <testcase classname="test2.Invocation_Keyword" name="print_TC1" time="0.002"/>
  <system-out>
    <![CDATA[--running TC1--]]>
  </system-out>
  <testcase classname="test2.Invocation_Keyword" name="print_TC1" time="0.000"/>
  <system-out>
    <![CDATA[--running TC1--]]>
  </system-out>
  <testcase classname="test2.Invocation_Keyword" name="print_TC1" time="0.000"/>
  <system-out>
    <![CDATA[--running TC1--]]>
  </system-out>
  <testcase classname="test2.Invocation_Keyword" name="print_TC1" time="0.000"/>
  <system-out>
    <![CDATA[--running TC1--]]>
  </system-out>
  <testcase classname="test2.Invocation_Keyword" name="print_TC1" time="0.001"/>
  <system-out>
    <![CDATA[--running TC1--]]>
  </system-out>
  <testcase classname="test2.Invocation_Keyword" name="print_TC1" time="0.001"/>
  <system-out>
    <![CDATA[--running TC1--]]>
  </system-out>
  <testcase classname="test2.Invocation_Keyword" name="print_TC1" time="0.001"/>
  <system-out>
    <![CDATA[--running TC1--]]>
  </system-out>
  <testcase classname="test2.Invocation_Keyword" name="print_TC1" time="0.001"/>
  <system-out>
    <![CDATA[--running TC1--]]>
  </system-out>
  <testcase classname="test2.Invocation_Keyword" name="print_TC1" time="0.002"/>
  <system-out>
    <![CDATA[--running TC1--]]>
  </system-out>
  <testcase classname="test2.Invocation_Keyword" name="print_TC1" time="0.002"/>
  <system-out>
    <![CDATA[--running TC1--]]>
  </system-out>
  <testcase classname="test2.Invocation_Keyword" name="print_TC1" time="0.000"/>
  <system-out>
    <![CDATA[--running TC1--]]>
  </system-out>
  <testcase classname="test2.Invocation_Keyword" name="print_TC1" time="0.001"/>
  <system-out>
    <![CDATA[--running TC1--]]>
  </system-out>
  <testcase classname="test2.Invocation_Keyword" name="print_TC1" time="0.002"/>
  <system-out>
    <![CDATA[--running TC1--]]>
  </system-out>
  <testcase classname="test2.Invocation_Keyword" name="print_TC1" time="0.002"/>
  <system-out>
    <![CDATA[--running TC1--]]>
  </system-out>
  <testcase classname="test2.Invocation_Keyword" name="print_TC1" time="0.000"/>
  <system-out>
    <![CDATA[--running TC1--]]>
  </system-out>
  <testcase classname="test2.Invocation_Keyword" name="print_TC1" time="0.001"/>
  <system-out>
    <![CDATA[--running TC1--]]>
  </system-out>
  <testcase classname="test2.Invocation_Keyword" name="print_TC1" time="0.002"/>
  <system-out>
    <![CDATA[--running TC1--]]>
  </system-out>
  <testcase classname="test2.Invocation_Keyword" name="print_TC1" time="0.000"/>
  <system-out>
    <![CDATA[--running TC1--]]>
  </system-out>
  <testcase classname="test2.Invocation_Keyword" name="print_TC1" time="0.000"/>
  <system-out>
    <![CDATA[--running TC1--]]>
  </system-out>
  <testcase classname="test2.Invocation_Keyword" name="print_TC1" time="0.001"/>
  <system-out>
    <![CDATA[--running TC1--]]>
  </system-out>
  <testcase classname="test2.Invocation_Keyword" name="print_TC1" time="0.001"/>
  <system-out>
    <![CDATA[--running TC1--]]>
  </system-out>
  <testcase classname="test2.Invocation_Keyword" name="print_TC1" time="0.002"/>
  <system-out>
    <![CDATA[--running TC1--]]>
  </system-out>
  <testcase classname="test2.Invocation_Keyword" name="print_TC1" time="0.001"/>
  <system-out>
    <![CDATA[--running TC1--]]>
  </system-out>
  <testcase classname="test2.Invocation_Keyword" name="print_TC1" time="0.001"/>
  <system-out>
    <![CDATA[--running TC1--]]>
  </system-out>
  <testcase classname="test2.Invocation_Keyword" name="print_TC1" time="0.000"/>
  <system-out>
    <![CDATA[--running TC1--]]>
  </system-out>
  <testcase classname="test2.Invocation_Keyword" name="print_TC1" time="0.001"/>
  <system-out>
    <![CDATA[--running TC1--]]>
  </system-out>
  <testcase classname="test2.Invocation_Keyword" name="print_TC1" time="0.001"/>
  <system-out>
    <![CDATA[--running TC1--]]>
  </system-out>
  <testcase classname="test2.Invocation_Keyword" name="print_TC1" time="0.001"/>
  <system-out>
    <![CDATA[--running TC1--]]>
  </system-out>
  <testcase classname="test2.Invocation_Keyword" name="print_TC1" time="0.001"/>
  <system-out>
    <![CDATA[--running TC1--]]>
  </system-out>
  <testcase classname="test2.Invocation_Keyword" name="print_TC1" time="0.001"/>
  <system-out>
    <![CDATA[--running TC1--]]>
  </system-out>
  <testcase classname="test2.Invocation_Keyword" name="print_TC1" time="0.000"/>
  <system-out>
    <![CDATA[--running TC1--]]>
  </system-out>
  <testcase classname="test2.Invocation_Keyword" name="print_TC1" time="0.000"/>
  <system-out>
    <![CDATA[--running TC1--]]>
  </system-out>
  <testcase classname="test2.Invocation_Keyword" name="print_TC1" time="0.001"/>
  <system-out>
    <![CDATA[--running TC1--]]>
  </system-out>
  <testcase classname="test2.Invocation_Keyword" name="print_TC1" time="0.002"/>
  <system-out>
    <![CDATA[--running TC1--]]>
  </system-out>
  <testcase classname="test2.Invocation_Keyword" name="print_TC1" time="0.001"/>
  <system-out>
    <![CDATA[--running TC1--]]>
  </system-out>
  <testcase classname="test2.Invocation_Keyword" name="print_TC1" time="0.001"/>
  <system-out>
    <![CDATA[--running TC1--]]>
  </system-out>
  <testcase classname="test2.Invocation_Keyword" name="print_TC1" time="0.001"/>
  <system-out>
    <![CDATA[--running TC1--]]>
  </system-out>
  <testcase classname="test2.Invocation_Keyword" name="print_TC1" time="0.001"/>
  <system-out>
    <![CDATA[--running TC1--]]>
  </system-out>
  <testcase classname="test2.Invocation_Keyword" name="print_TC1" time="0.001"/>
  <system-out>
    <![CDATA[--running TC1--]]>
  </system-out>
  <testcase classname="test2.Invocation_Keyword" name="print_TC1" time="0.001"/>
  <system-out>
    <![CDATA[--running TC1--]]>
  </system-out>
  <testcase classname="test2.Invocation_Keyword" name="print_TC1" time="0.000"/>
  <system-out>
    <![CDATA[--running TC1--]]>
  </system-out>
  <testcase classname="test2.Invocation_Keyword" name="print_TC1" time="0.001"/>
  <system-out>
    <![CDATA[--running TC1--]]>
  </system-out>
  <testcase classname="test2.Invocation_Keyword" name="print_TC1" time="0.000"/>
  <system-out>
    <![CDATA[--running TC1--]]>
  </system-out>
  <testcase classname="test2.Invocation_Keyword" name="print_TC1" time="0.003"/>
  <system-out>
    <![CDATA[--running TC1--]]>
  </system-out>
  <testcase classname="test2.Invocation_Keyword" name="print_TC1" time="0.001"/>
  <system-out>
    <![CDATA[--running TC1--]]>
  </system-out>
  <testcase classname="test2.Invocation_Keyword" name="print_TC1" time="0.002"/>
  <system-out>
    <![CDATA[--running TC1--]]>
  </system-out>
  <testcase classname="test2.Invocation_Keyword" name="print_TC1" time="0.001"/>
  <system-out>
    <![CDATA[--running TC1--]]>
  </system-out>
  <testcase classname="test2.Invocation_Keyword" name="print_TC1" time="0.001"/>
  <system-out>
    <![CDATA[--running TC1--]]>
  </system-out>
  <testcase classname="test2.Invocation_Keyword" name="print_TC1" time="0.001"/>
  <system-out>
    <![CDATA[--running TC1--]]>
  </system-out>
  <testcase classname="test2.Invocation_Keyword" name="print_TC1" time="0.001"/>
  <system-out>
    <![CDATA[--running TC1--]]>
  </system-out>
  <testcase classname="test2.Invocation_Keyword" name="print_TC1" time="0.001"/>
  <system-out>
    <![CDATA[--running TC1--]]>
  </system-out>
  <testcase classname="test2.Invocation_Keyword" name="print_TC1" time="0.000"/>
  <system-out>
    <![CDATA[--running TC1--]]>
  </system-out>
  <testcase classname="test2.Invocation_Keyword" name="print_TC1" time="0.001"/>
  <system-out>
    <![CDATA[--running TC1--]]>
  </system-out>
  <testcase classname="test2.Invocation_Keyword" name="print_TC1" time="0.001"/>
  <system-out>
    <![CDATA[--running TC1--]]>
  </system-out>
  <testcase classname="test2.Invocation_Keyword" name="print_TC1" time="0.001"/>
  <system-out>
    <![CDATA[--running TC1--]]>
  </system-out>
  <testcase classname="test2.Invocation_Keyword" name="print_TC1" time="0.001"/>
  <system-out>
    <![CDATA[--running TC1--]]>
  </system-out>
  <testcase classname="test2.Invocation_Keyword" name="print_TC1" time="0.002"/>
  <system-out>
    <![CDATA[--running TC1--]]>
  </system-out>
  <testcase classname="test2.Invocation_Keyword" name="print_TC1" time="0.000"/>
  <system-out>
    <![CDATA[--running TC1--]]>
  </system-out>
  <testcase classname="test2.Invocation_Keyword" name="print_TC1" time="0.003"/>
  <system-out>
    <![CDATA[--running TC1--]]>
  </system-out>
  <testcase classname="test2.Invocation_Keyword" name="print_TC1" time="0.001"/>
  <system-out>
    <![CDATA[--running TC1--]]>
  </system-out>
  <testcase classname="test2.Invocation_Keyword" name="print_TC1" time="0.001"/>
  <system-out>
    <![CDATA[--running TC1--]]>
  </system-out>
  <testcase classname="test2.Invocation_Keyword" name="print_TC1" time="0.001"/>
  <system-out>
    <![CDATA[--running TC1--]]>
  </system-out>
  <testcase classname="test2.Invocation_Keyword" name="print_TC1" time="0.002"/>
  <system-out>
    <![CDATA[--running TC1--]]>
  </system-out>
  <testcase classname="test2.Invocation_Keyword" name="print_TC1" time="0.000"/>
  <system-out>
    <![CDATA[--running TC1--]]>
  </system-out>
  <testcase classname="test2.Invocation_Keyword" name="print_TC1" time="0.000"/>
  <system-out>
    <![CDATA[--running TC1--]]>
  </system-out>
  <testcase classname="test2.Invocation_Keyword" name="print_TC1" time="0.002"/>
  <system-out>
    <![CDATA[--running TC1--]]>
  </system-out>
  <testcase classname="test2.Invocation_Keyword" name="print_TC1" time="0.004"/>
  <system-out>
    <![CDATA[--running TC1--]]>
  </system-out>
  <testcase classname="test2.Invocation_Keyword" name="print_TC1" time="0.000"/>
  <system-out>
    <![CDATA[--running TC1--]]>
  </system-out>
  <testcase classname="test2.Invocation_Keyword" name="print_TC1" time="0.002"/>
  <system-out>
    <![CDATA[--running TC1--]]>
  </system-out>
  <testcase classname="test2.Invocation_Keyword" name="print_TC1" time="0.000"/>
  <system-out>
    <![CDATA[--running TC1--]]>
  </system-out>
  <testcase classname="test2.Invocation_Keyword" name="print_TC1" time="0.001"/>
  <system-out>
    <![CDATA[--running TC1--]]>
  </system-out>
  <testcase classname="test2.Invocation_Keyword" name="print_TC1" time="0.003"/>
  <system-out>
    <![CDATA[--running TC1--]]>
  </system-out>
  <testcase classname="test2.Invocation_Keyword" name="print_TC1" time="0.001"/>
  <system-out>
    <![CDATA[--running TC1--]]>
  </system-out>
  <testcase classname="test2.Invocation_Keyword" name="print_TC1" time="0.001"/>
  <system-out>
    <![CDATA[--running TC1--]]>
  </system-out>
  <testcase classname="test2.Invocation_Keyword" name="print_TC1" time="0.001"/>
  <system-out>
    <![CDATA[--running TC1--]]>
  </system-out>
  <testcase classname="test2.Invocation_Keyword" name="print_TC1" time="0.009"/>
  <system-out>
    <![CDATA[--running TC1--]]>
  </system-out>
  <testcase classname="test2.Invocation_Keyword" name="print_TC1" time="0.001"/>
  <system-out>
    <![CDATA[--running TC1--]]>
  </system-out>
  <testcase classname="test2.Invocation_Keyword" name="print_TC1" time="0.001"/>
  <system-out>
    <![CDATA[--running TC1--]]>
  </system-out>
  <testcase classname="test2.Invocation_Keyword" name="print_TC1" time="0.001"/>
  <system-out>
    <![CDATA[--running TC1--]]>
  </system-out>
  <testcase classname="test2.Invocation_Keyword" name="print_TC1" time="0.001"/>
  <system-out>
    <![CDATA[--running TC1--]]>
  </system-out>
  <testcase classname="test2.Invocation_Keyword" name="print_TC1" time="0.001"/>
  <system-out>
    <![CDATA[--running TC1--]]>
  </system-out>
  <testcase classname="test2.Invocation_Keyword" name="print_TC1" time="0.000"/>
  <system-out>
    <![CDATA[--running TC1--]]>
  </system-out>
  <testcase classname="test2.Invocation_Keyword" name="print_TC1" time="0.001"/>
  <system-out>
    <![CDATA[--running TC1--]]>
  </system-out>
  <testcase classname="test2.Invocation_Keyword" name="print_TC1" time="0.000"/>
  <system-out>
    <![CDATA[--running TC1--]]>
  </system-out>
  <testcase classname="test2.Invocation_Keyword" name="print_TC1" time="0.000"/>
  <system-out>
    <![CDATA[--running TC1--]]>
  </system-out>
  <testcase classname="test2.Invocation_Keyword" name="print_TC1" time="0.001"/>
  <system-out>
    <![CDATA[--running TC1--]]>
  </system-out>
  <testcase classname="test2.Invocation_Keyword" name="print_TC1" time="0.000"/>
  <system-out>
    <![CDATA[--running TC1--]]>
  </system-out>
  <testcase classname="test2.Invocation_Keyword" name="print_TC1" time="0.001"/>
  <system-out>
    <![CDATA[--running TC1--]]>
  </system-out>
  <testcase classname="test2.Invocation_Keyword" name="print_TC1" time="0.001"/>
  <system-out>
    <![CDATA[--running TC1--]]>
  </system-out>
  <testcase classname="test2.Invocation_Keyword" name="print_TC1" time="0.001"/>
  <system-out>
    <![CDATA[--running TC1--]]>
  </system-out>
  <testcase classname="test2.Invocation_Keyword" name="print_TC1" time="0.002"/>
  <system-out>
    <![CDATA[--running TC1--]]>
  </system-out>
  <testcase classname="test2.Invocation_Keyword" name="print_TC1" time="0.001"/>
  <system-out>
    <![CDATA[--running TC1--]]>
  </system-out>
  <testcase classname="test2.Invocation_Keyword" name="print_TC1" time="0.000"/>
  <system-out>
    <![CDATA[--running TC1--]]>
  </system-out>
  <testcase classname="test2.Invocation_Keyword" name="print_TC1" time="0.002"/>
  <system-out>
    <![CDATA[--running TC1--]]>
  </system-out>
  <testcase classname="test2.Invocation_Keyword" name="print_TC1" time="0.000"/>
  <system-out>
    <![CDATA[--running TC1--]]>
  </system-out>
  <testcase classname="test2.Invocation_Keyword" name="print_TC1" time="0.001"/>
  <system-out>
    <![CDATA[--running TC1--]]>
  </system-out>
  <testcase classname="test2.Invocation_Keyword" name="print_TC1" time="0.001"/>
  <system-out>
    <![CDATA[--running TC1--]]>
  </system-out>
  <testcase classname="test2.Invocation_Keyword" name="print_TC1" time="0.001"/>
  <system-out>
    <![CDATA[--running TC1--]]>
  </system-out>
  <testcase classname="test2.Invocation_Keyword" name="print_TC1" time="0.001"/>
  <system-out>
    <![CDATA[--running TC1--]]>
  </system-out>
  <testcase classname="test2.Invocation_Keyword" name="print_TC1" time="0.001"/>
  <system-out>
    <![CDATA[--running TC1--]]>
  </system-out>
  <testcase classname="test2.Invocation_Keyword" name="print_TC1" time="0.000"/>
  <system-out>
    <![CDATA[--running TC1--]]>
  </system-out>
  <testcase classname="test2.Invocation_Keyword" name="print_TC1" time="0.001"/>
  <system-out>
    <![CDATA[--running TC1--]]>
  </system-out>
  <testcase classname="test2.Invocation_Keyword" name="print_TC1" time="0.001"/>
  <system-out>
    <![CDATA[--running TC1--]]>
  </system-out>
  <testcase classname="test2.Invocation_Keyword" name="print_TC1" time="0.000"/>
  <system-out>
    <![CDATA[--running TC1--]]>
  </system-out>
  <testcase classname="test2.Invocation_Keyword" name="print_TC1" time="0.001"/>
  <system-out>
    <![CDATA[--running TC1--]]>
  </system-out>
  <testcase classname="test2.Invocation_Keyword" name="print_TC1" time="0.001"/>
  <system-out>
    <![CDATA[--running TC1--]]>
  </system-out>
  <testcase classname="test2.Invocation_Keyword" name="print_TC1" time="0.001"/>
  <system-out>
    <![CDATA[--running TC1--]]>
  </system-out>
  <testcase classname="test2.Invocation_Keyword" name="print_TC1" time="0.001"/>
  <system-out>
    <![CDATA[--running TC1--]]>
  </system-out>
  <testcase classname="test2.Invocation_Keyword" name="print_TC1" time="0.001"/>
  <system-out>
    <![CDATA[--running TC1--]]>
  </system-out>
  <testcase classname="test2.Invocation_Keyword" name="print_TC1" time="0.001"/>
  <system-out>
    <![CDATA[--running TC1--]]>
  </system-out>
  <testcase classname="test2.Invocation_Keyword" name="print_TC1" time="0.000"/>
  <system-out>
    <![CDATA[--running TC1--]]>
  </system-out>
  <testcase classname="test2.Invocation_Keyword" name="print_TC1" time="0.001"/>
  <system-out>
    <![CDATA[--running TC1--]]>
  </system-out>
  <testcase classname="test2.Invocation_Keyword" name="print_TC1" time="0.001"/>
  <system-out>
    <![CDATA[--running TC1--]]>
  </system-out>
  <testcase classname="test2.Invocation_Keyword" name="print_TC1" time="0.002"/>
  <system-out>
    <![CDATA[--running TC1--]]>
  </system-out>
  <testcase classname="test2.Invocation_Keyword" name="print_TC1" time="0.001"/>
  <system-out>
    <![CDATA[--running TC1--]]>
  </system-out>
  <testcase classname="test2.Invocation_Keyword" name="print_TC1" time="0.002"/>
  <system-out>
    <![CDATA[--running TC1--]]>
  </system-out>
  <testcase classname="test2.Invocation_Keyword" name="print_TC1" time="0.002"/>
  <system-out>
    <![CDATA[--running TC1--]]>
  </system-out>
  <testcase classname="test2.Invocation_Keyword" name="print_TC1" time="0.001"/>
  <system-out>
    <![CDATA[--running TC1--]]>
  </system-out>
  <testcase classname="test2.Invocation_Keyword" name="print_TC1" time="0.000"/>
  <system-out>
    <![CDATA[--running TC1--]]>
  </system-out>
  <testcase classname="test2.Invocation_Keyword" name="print_TC1" time="0.000"/>
  <system-out>
    <![CDATA[--running TC1--]]>
  </system-out>
  <testcase classname="test2.Invocation_Keyword" name="print_TC1" time="0.000"/>
  <system-out>
    <![CDATA[--running TC1--]]>
  </system-out>
  <testcase classname="test2.Invocation_Keyword" name="print_TC1" time="0.000"/>
  <system-out>
    <![CDATA[--running TC1--]]>
  </system-out>
  <testcase classname="test2.Invocation_Keyword" name="print_TC1" time="0.001"/>
  <system-out>
    <![CDATA[--running TC1--]]>
  </system-out>
  <testcase classname="test2.Invocation_Keyword" name="print_TC1" time="0.001"/>
  <system-out>
    <![CDATA[--running TC1--]]>
  </system-out>
  <testcase classname="test2.Invocation_Keyword" name="print_TC1" time="0.001"/>
  <system-out>
    <![CDATA[--running TC1--]]>
  </system-out>
  <testcase classname="test2.Invocation_Keyword" name="print_TC1" time="0.001"/>
  <system-out>
    <![CDATA[--running TC1--]]>
  </system-out>
  <testcase classname="test2.Invocation_Keyword" name="print_TC1" time="0.002"/>
  <system-out>
    <![CDATA[--running TC1--]]>
  </system-out>
  <testcase classname="test2.Invocation_Keyword" name="print_TC1" time="0.001"/>
  <system-out>
    <![CDATA[--running TC1--]]>
  </system-out>
  <testcase classname="test2.Invocation_Keyword" name="print_TC1" time="0.003"/>
  <system-out>
    <![CDATA[--running TC1--]]>
  </system-out>
  <testcase classname="test2.Invocation_Keyword" name="print_TC1" time="0.000"/>
  <system-out>
    <![CDATA[--running TC1--]]>
  </system-out>
  <testcase classname="test2.Invocation_Keyword" name="print_TC1" time="0.001"/>
  <system-out>
    <![CDATA[--running TC1--]]>
  </system-out>
  <testcase classname="test2.Invocation_Keyword" name="print_TC1" time="0.001"/>
  <system-out>
    <![CDATA[--running TC1--]]>
  </system-out>
  <testcase classname="test2.Invocation_Keyword" name="print_TC1" time="0.001"/>
  <system-out>
    <![CDATA[--running TC1--]]>
  </system-out>
  <testcase classname="test2.Invocation_Keyword" name="print_TC1" time="0.001"/>
  <system-out>
    <![CDATA[--running TC1--]]>
  </system-out>
  <testcase classname="test2.Invocation_Keyword" name="print_TC1" time="0.001"/>
  <system-out>
    <![CDATA[--running TC1--]]>
  </system-out>
  <testcase classname="test2.Invocation_Keyword" name="print_TC1" time="0.001"/>
  <system-out>
    <![CDATA[--running TC1--]]>
  </system-out>
  <testcase classname="test2.Invocation_Keyword" name="print_TC1" time="0.001"/>
  <system-out>
    <![CDATA[--running TC1--]]>
  </system-out>
  <testcase classname="test2.Invocation_Keyword" name="print_TC1" time="0.001"/>
  <system-out>
    <![CDATA[--running TC1--]]>
  </system-out>
  <testcase classname="test2.Invocation_Keyword" name="print_TC1" time="0.001"/>
  <system-out>
    <![CDATA[--running TC1--]]>
  </system-out>
  <testcase classname="test2.Invocation_Keyword" name="print_TC1" time="0.001"/>
  <system-out>
    <![CDATA[--running TC1--]]>
  </system-out>
  <testcase classname="test2.Invocation_Keyword" name="print_TC1" time="0.001"/>
  <system-out>
    <![CDATA[--running TC1--]]>
  </system-out>
  <testcase classname="test2.Invocation_Keyword" name="print_TC1" time="0.000"/>
  <system-out>
    <![CDATA[--running TC1--]]>
  </system-out>
  <testcase classname="test2.Invocation_Keyword" name="print_TC1" time="0.001"/>
  <system-out>
    <![CDATA[--running TC1--]]>
  </system-out>
  <testcase classname="test2.Invocation_Keyword" name="print_TC1" time="0.002"/>
  <system-out>
    <![CDATA[--running TC1--]]>
  </system-out>
  <testcase classname="test2.Invocation_Keyword" name="print_TC1" time="0.001"/>
  <system-out>
    <![CDATA[--running TC1--]]>
  </system-out>
  <testcase classname="test2.Invocation_Keyword" name="print_TC1" time="0.001"/>
  <system-out>
    <![CDATA[--running TC1--]]>
  </system-out>
  <testcase classname="test2.Invocation_Keyword" name="print_TC1" time="0.000"/>
  <system-out>
    <![CDATA[--running TC1--]]>
  </system-out>
  <testcase classname="test2.Invocation_Keyword" name="print_TC1" time="0.001"/>
  <system-out>
    <![CDATA[--running TC1--]]>
  </system-out>
  <testcase classname="test2.Invocation_Keyword" name="print_TC1" time="0.001"/>
  <system-out>
    <![CDATA[--running TC1--]]>
  </system-out>
  <testcase classname="test2.Invocation_Keyword" name="print_TC1" time="0.001"/>
  <system-out>
    <![CDATA[--running TC1--]]>
  </system-out>
  <testcase classname="test2.Invocation_Keyword" name="print_TC1" time="0.001"/>
  <system-out>
    <![CDATA[--running TC1--]]>
  </system-out>
  <testcase classname="test2.Invocation_Keyword" name="print_TC1" time="0.001"/>
  <system-out>
    <![CDATA[--running TC1--]]>
  </system-out>
  <testcase classname="test2.Invocation_Keyword" name="print_TC1" time="0.001"/>
  <system-out>
    <![CDATA[--running TC1--]]>
  </system-out>
  <testcase classname="test2.Invocation_Keyword" name="print_TC1" time="0.002"/>
  <system-out>
    <![CDATA[--running TC1--]]>
  </system-out>
  <testcase classname="test2.Invocation_Keyword" name="print_TC1" time="0.002"/>
  <system-out>
    <![CDATA[--running TC1--]]>
  </system-out>
  <testcase classname="test2.Invocation_Keyword" name="print_TC1" time="0.003"/>
  <system-out>
    <![CDATA[--running TC1--]]>
  </system-out>
  <testcase classname="test2.Invocation_Keyword" name="print_TC1" time="0.001"/>
  <system-out>
    <![CDATA[--running TC1--]]>
  </system-out>
  <testcase classname="test2.Invocation_Keyword" name="print_TC1" time="0.001"/>
  <system-out>
    <![CDATA[--running TC1--]]>
  </system-out>
  <testcase classname="test2.Invocation_Keyword" name="print_TC1" time="0.000"/>
  <system-out>
    <![CDATA[--running TC1--]]>
  </system-out>
  <testcase classname="test2.Invocation_Keyword" name="print_TC1" time="0.001"/>
  <system-out>
    <![CDATA[--running TC1--]]>
  </system-out>
  <testcase classname="test2.Invocation_Keyword" name="print_TC1" time="0.001"/>
  <system-out>
    <![CDATA[--running TC1--]]>
  </system-out>
  <testcase classname="test2.Invocation_Keyword" name="print_TC1" time="0.001"/>
  <system-out>
    <![CDATA[--running TC1--]]>
  </system-out>
  <testcase classname="test2.Invocation_Keyword" name="print_TC1" time="0.001"/>
  <system-out>
    <![CDATA[--running TC1--]]>
  </system-out>
  <testcase classname="test2.Invocation_Keyword" name="print_TC1" time="0.002"/>
  <system-out>
    <![CDATA[--running TC1--]]>
  </system-out>
  <testcase classname="test2.Invocation_Keyword" name="print_TC1" time="0.000"/>
  <system-out>
    <![CDATA[--running TC1--]]>
  </system-out>
  <testcase classname="test2.Invocation_Keyword" name="print_TC1" time="0.001"/>
  <system-out>
    <![CDATA[--running TC1--]]>
  </system-out>
  <testcase classname="test2.Invocation_Keyword" name="print_TC1" time="0.001"/>
  <system-out>
    <![CDATA[--running TC1--]]>
  </system-out>
  <testcase classname="test2.Invocation_Keyword" name="print_TC1" time="0.001"/>
  <system-out>
    <![CDATA[--running TC1--]]>
  </system-out>
  <testcase classname="test2.Invocation_Keyword" name="print_TC1" time="0.001"/>
  <system-out>
    <![CDATA[--running TC1--]]>
  </system-out>
  <testcase classname="test2.Invocation_Keyword" name="print_TC1" time="0.002"/>
  <system-out>
    <![CDATA[--running TC1--]]>
  </system-out>
  <testcase classname="test2.Invocation_Keyword" name="print_TC1" time="0.001"/>
  <system-out>
    <![CDATA[--running TC1--]]>
  </system-out>
  <testcase classname="test2.Invocation_Keyword" name="print_TC1" time="0.000"/>
  <system-out>
    <![CDATA[--running TC1--]]>
  </system-out>
  <testcase classname="test2.Invocation_Keyword" name="print_TC1" time="0.001"/>
  <system-out>
    <![CDATA[--running TC1--]]>
  </system-out>
  <testcase classname="test2.Invocation_Keyword" name="print_TC1" time="0.001"/>
  <system-out>
    <![CDATA[--running TC1--]]>
  </system-out>
  <testcase classname="test2.Invocation_Keyword" name="print_TC1" time="0.001"/>
  <system-out>
    <![CDATA[--running TC1--]]>
  </system-out>
  <testcase classname="test2.Invocation_Keyword" name="print_TC1" time="0.001"/>
  <system-out>
    <![CDATA[--running TC1--]]>
  </system-out>
  <testcase classname="test2.Invocation_Keyword" name="print_TC1" time="0.002"/>
  <system-out>
    <![CDATA[--running TC1--]]>
  </system-out>
  <testcase classname="test2.Invocation_Keyword" name="print_TC1" time="0.003"/>
  <system-out>
    <![CDATA[--running TC1--]]>
  </system-out>
  <testcase classname="test2.Invocation_Keyword" name="print_TC1" time="0.002"/>
  <system-out>
    <![CDATA[--running TC1--]]>
  </system-out>
  <testcase classname="test2.Invocation_Keyword" name="print_TC1" time="0.000"/>
  <system-out>
    <![CDATA[--running TC1--]]>
  </system-out>
  <testcase classname="test2.Invocation_Keyword" name="print_TC1" time="0.001"/>
  <system-out>
    <![CDATA[--running TC1--]]>
  </system-out>
  <testcase classname="test2.Invocation_Keyword" name="print_TC1" time="0.000"/>
  <system-out>
    <![CDATA[--running TC1--]]>
  </system-out>
  <testcase classname="test2.Invocation_Keyword" name="print_TC1" time="0.002"/>
  <system-out>
    <![CDATA[--running TC1--]]>
  </system-out>
  <testcase classname="test2.Invocation_Keyword" name="print_TC1" time="0.001"/>
  <system-out>
    <![CDATA[--running TC1--]]>
  </system-out>
  <testcase classname="test2.Invocation_Keyword" name="print_TC1" time="0.001"/>
  <system-out>
    <![CDATA[--running TC1--]]>
  </system-out>
  <testcase classname="test2.Invocation_Keyword" name="print_TC1" time="0.000"/>
  <system-out>
    <![CDATA[--running TC1--]]>
  </system-out>
  <testcase classname="test2.Invocation_Keyword" name="print_TC1" time="0.001"/>
  <system-out>
    <![CDATA[--running TC1--]]>
  </system-out>
  <testcase classname="test2.Invocation_Keyword" name="print_TC1" time="0.001"/>
  <system-out>
    <![CDATA[--running TC1--]]>
  </system-out>
  <testcase classname="test2.Invocation_Keyword" name="print_TC1" time="0.000"/>
  <system-out>
[...]
  <system-out>
    <![CDATA[--running TC1--]]>
  </system-out>
  <testcase classname="test2.Invocation_Keyword" name="print_TC1" time="0.001"/>
  <system-out>
    <![CDATA[--running TC1--]]>
  </system-out>
  <testcase classname="test2.Invocation_Keyword" name="print_TC1" time="0.002"/>
  <system-out>
    <![CDATA[--running TC1--]]>
  </system-out>
  <testcase classname="test2.Invocation_Keyword" name="print_TC1" time="0.001"/>
  <system-out>
    <![CDATA[--running TC1--]]>
  </system-out>
  <testcase classname="test2.Invocation_Keyword" name="print_TC1" time="0.001"/>
  <system-out>
    <![CDATA[--running TC1--]]>
  </system-out>
  <testcase classname="test2.Invocation_Keyword" name="print_TC1" time="0.001"/>
  <system-out>
    <![CDATA[--running TC1--]]>
  </system-out>
  <testcase classname="test2.Invocation_Keyword" name="print_TC1" time="0.001"/>
  <system-out>
    <![CDATA[--running TC1--]]>
  </system-out>
  <testcase classname="test2.Invocation_Keyword" name="print_TC1" time="0.001"/>
  <system-out>
    <![CDATA[--running TC1--]]>
  </system-out>
  <testcase classname="test2.Invocation_Keyword" name="print_TC1" time="0.001"/>
  <system-out>
    <![CDATA[--running TC1--]]>
  </system-out>
  <testcase classname="test2.Invocation_Keyword" name="print_TC1" time="0.001"/>
  <system-out>
    <![CDATA[--running TC1--]]>
  </system-out>
  <testcase classname="test2.Invocation_Keyword" name="print_TC1" time="0.001"/>
  <system-out>
    <![CDATA[--running TC1--]]>
  </system-out>
  <testcase classname="test2.Invocation_Keyword" name="print_TC1" time="0.001"/>
  <system-out>
    <![CDATA[--running TC1--]]>
  </system-out>
  <testcase classname="test2.Invocation_Keyword" name="print_TC1" time="0.000"/>
  <system-out>
    <![CDATA[--running TC1--]]>
  </system-out>
  <testcase classname="test2.Invocation_Keyword" name="print_TC1" time="0.001"/>
  <system-out>
    <![CDATA[--running TC1--]]>
  </system-out>
  <testcase classname="test2.Invocation_Keyword" name="print_TC1" time="0.001"/>
  <system-out>
    <![CDATA[--running TC1--]]>
  </system-out>
  <testcase classname="test2.Invocation_Keyword" name="print_TC1" time="0.001"/>
  <system-out>
    <![CDATA[--running TC1--]]>
  </system-out>
  <testcase classname="test2.Invocation_Keyword" name="print_TC1" time="0.001"/>
  <system-out>
    <![CDATA[--running TC1--]]>
  </system-out>
  <testcase classname="test2.Invocation_Keyword" name="print_TC1" time="0.001"/>
  <system-out>
    <![CDATA[--running TC1--]]>
  </system-out>
  <testcase classname="test2.Invocation_Keyword" name="print_TC1" time="0.001"/>
  <system-out>
    <![CDATA[--running TC1--]]>
  </system-out>
  <testcase classname="test2.Invocation_Keyword" name="print_TC1" time="0.001"/>
  <system-out>
    <![CDATA[--running TC1--]]>
  </system-out>
  <testcase classname="test2.Invocation_Keyword" name="print_TC1" time="0.002"/>
  <system-out>
    <![CDATA[--running TC1--]]>
  </system-out>
  <testcase classname="test2.Invocation_Keyword" name="print_TC1" time="0.004"/>
  <system-out>
    <![CDATA[--running TC1--]]>
  </system-out>
  <testcase classname="test2.Invocation_Keyword" name="print_TC1" time="0.002"/>
  <system-out>
    <![CDATA[--running TC1--]]>
  </system-out>
  <testcase classname="test2.Invocation_Keyword" name="print_TC1" time="0.001"/>
  <system-out>
    <![CDATA[--running TC1--]]>
  </system-out>
  <testcase classname="test2.Invocation_Keyword" name="print_TC1" time="0.044"/>
  <system-out>
    <![CDATA[--running TC1--]]>
  </system-out>
  <testcase classname="test2.Invocation_Keyword" name="print_TC1" time="0.001"/>
  <system-out>
    <![CDATA[--running TC1--]]>
  </system-out>
  <testcase classname="test2.Invocation_Keyword" name="print_TC1" time="0.002"/>
  <system-out>
    <![CDATA[--running TC1--]]>
  </system-out>
  <testcase classname="test2.Invocation_Keyword" name="print_TC1" time="0.005"/>
  <system-out>
    <![CDATA[--running TC1--]]>
  </system-out>
  <testcase classname="test2.Invocation_Keyword" name="print_TC1" time="0.001"/>
  <system-out>
    <![CDATA[--running TC1--]]>
  </system-out>
  <testcase classname="test2.Invocation_Keyword" name="print_TC1" time="0.001"/>
  <system-out>
    <![CDATA[--running TC1--]]>
  </system-out>
  <testcase classname="test2.Invocation_Keyword" name="print_TC1" time="0.001"/>
  <system-out>
    <![CDATA[--running TC1--]]>
  </system-out>
  <testcase classname="test2.Invocation_Keyword" name="print_TC1" time="0.001"/>
  <system-out>
    <![CDATA[--running TC1--]]>
  </system-out>
  <testcase classname="test2.Invocation_Keyword" name="print_TC1" time="0.001"/>
  <system-out>
    <![CDATA[--running TC1--]]>
  </system-out>
  <testcase classname="test2.Invocation_Keyword" name="print_TC1" time="0.001"/>
  <system-out>
    <![CDATA[--running TC1--]]>
  </system-out>
  <testcase classname="test2.Invocation_Keyword" name="print_TC1" time="0.000"/>
  <system-out>
    <![CDATA[--running TC1--]]>
  </system-out>
  <testcase classname="test2.Invocation_Keyword" name="print_TC1" time="0.000"/>
  <system-out>
    <![CDATA[--running TC1--]]>
  </system-out>
  <testcase classname="test2.Invocation_Keyword" name="print_TC1" time="0.001"/>
  <system-out>
    <![CDATA[--running TC1--]]>
  </system-out>
  <testcase classname="test2.Invocation_Keyword" name="print_TC1" time="0.001"/>
  <system-out>
    <![CDATA[--running TC1--]]>
  </system-out>
  <testcase classname="test2.Invocation_Keyword" name="print_TC1" time="0.002"/>
  <system-out>
    <![CDATA[--running TC1--]]>
  </system-out>
  <testcase classname="test2.Invocation_Keyword" name="print_TC1" time="0.001"/>
  <system-out>
    <![CDATA[--running TC1--]]>
  </system-out>
  <testcase classname="test2.Invocation_Keyword" name="print_TC1" time="0.000"/>
  <system-out>
    <![CDATA[--running TC1--]]>
  </system-out>
  <testcase classname="test2.Invocation_Keyword" name="print_TC1" time="0.002"/>
  <system-out>
    <![CDATA[--running TC1--]]>
  </system-out>
  <testcase classname="test2.Invocation_Keyword" name="print_TC1" time="0.001"/>
  <system-out>
    <![CDATA[--running TC1--]]>
  </system-out>
  <testcase classname="test2.Invocation_Keyword" name="print_TC1" time="0.001"/>
  <system-out>
    <![CDATA[--running TC1--]]>
  </system-out>
  <testcase classname="test2.Invocation_Keyword" name="print_TC1" time="0.001"/>
  <system-out>
    <![CDATA[--running TC1--]]>
  </system-out>
  <testcase classname="test2.Invocation_Keyword" name="print_TC1" time="0.001"/>
  <system-out>
    <![CDATA[--running TC1--]]>
  </system-out>
  <testcase classname="test2.Invocation_Keyword" name="print_TC1" time="0.001"/>
  <system-out>
    <![CDATA[--running TC1--]]>
  </system-out>
  <testcase classname="test2.Invocation_Keyword" name="print_TC1" time="0.001"/>
  <system-out>
    <![CDATA[--running TC1--]]>
  </system-out>
  <testcase classname="test2.Invocation_Keyword" name="print_TC1" time="0.000"/>
  <system-out>
    <![CDATA[--running TC1--]]>
  </system-out>
  <testcase classname="test2.Invocation_Keyword" name="print_TC1" time="0.000"/>
  <system-out>
    <![CDATA[--running TC1--]]>
  </system-out>
  <testcase classname="test2.Invocation_Keyword" name="print_TC1" time="0.001"/>
  <system-out>
    <![CDATA[--running TC1--]]>
  </system-out>
  <testcase classname="test2.Invocation_Keyword" name="print_TC1" time="0.000"/>
  <system-out>
    <![CDATA[--running TC1--]]>
  </system-out>
  <testcase classname="test2.Invocation_Keyword" name="print_TC1" time="0.002"/>
  <system-out>
    <![CDATA[--running TC1--]]>
  </system-out>
  <testcase classname="test2.Invocation_Keyword" name="print_TC1" time="0.001"/>
  <system-out>
    <![CDATA[--running TC1--]]>
  </system-out>
  <testcase classname="test2.Invocation_Keyword" name="print_TC1" time="0.001"/>
  <system-out>
    <![CDATA[--running TC1--]]>
  </system-out>
  <testcase classname="test2.Invocation_Keyword" name="print_TC1" time="0.005"/>
  <system-out>
    <![CDATA[--running TC1--]]>
  </system-out>
  <testcase classname="test2.Invocation_Keyword" name="print_TC1" time="0.001"/>
  <system-out>
    <![CDATA[--running TC1--]]>
  </system-out>
  <testcase classname="test2.Invocation_Keyword" name="print_TC1" time="0.001"/>
  <system-out>
    <![CDATA[--running TC1--]]>
  </system-out>
  <testcase classname="test2.Invocation_Keyword" name="print_TC1" time="0.000"/>
  <system-out>
    <![CDATA[--running TC1--]]>
  </system-out>
  <testcase classname="test2.Invocation_Keyword" name="print_TC1" time="0.000"/>
  <system-out>
    <![CDATA[--running TC1--]]>
  </system-out>
  <testcase classname="test2.Invocation_Keyword" name="print_TC1" time="0.000"/>
  <system-out>
    <![CDATA[--running TC1--]]>
  </system-out>
  <testcase classname="test2.Invocation_Keyword" name="print_TC1" time="0.000"/>
  <system-out>
    <![CDATA[--running TC1--]]>
  </system-out>
  <testcase classname="test2.Invocation_Keyword" name="print_TC1" time="0.001"/>
  <system-out>
    <![CDATA[--running TC1--]]>
  </system-out>
  <testcase classname="test2.Invocation_Keyword" name="print_TC1" time="0.001"/>
  <system-out>
    <![CDATA[--running TC1--]]>
  </system-out>
  <testcase classname="test2.Invocation_Keyword" name="print_TC1" time="0.000"/>
  <system-out>
    <![CDATA[--running TC1--]]>
  </system-out>
  <testcase classname="test2.Invocation_Keyword" name="print_TC1" time="0.005"/>
  <system-out>
    <![CDATA[--running TC1--]]>
  </system-out>
  <testcase classname="test2.Invocation_Keyword" name="print_TC1" time="0.001"/>
  <system-out>
    <![CDATA[--running TC1--]]>
  </system-out>
  <testcase classname="test2.Invocation_Keyword" name="print_TC1" time="0.000"/>
  <system-out>
    <![CDATA[--running TC1--]]>
  </system-out>
  <testcase classname="test2.Invocation_Keyword" name="print_TC1" time="0.003"/>
  <system-out>
    <![CDATA[--running TC1--]]>
  </system-out>
  <testcase classname="test2.Invocation_Keyword" name="print_TC1" time="0.001"/>
  <system-out>
    <![CDATA[--running TC1--]]>
  </system-out>
  <testcase classname="test2.Invocation_Keyword" name="print_TC1" time="0.001"/>
  <system-out>
    <![CDATA[--running TC1--]]>
  </system-out>
  <testcase classname="test2.Invocation_Keyword" name="print_TC1" time="0.002"/>
  <system-out>
    <![CDATA[--running TC1--]]>
  </system-out>
  <testcase classname="test2.Invocation_Keyword" name="print_TC1" time="0.000"/>
  <system-out>
    <![CDATA[--running TC1--]]>
  </system-out>
  <testcase classname="test2.Invocation_Keyword" name="print_TC1" time="0.001"/>
  <system-out>
    <![CDATA[--running TC1--]]>
  </system-out>
  <testcase classname="test2.Invocation_Keyword" name="print_TC1" time="0.001"/>
  <system-out>
    <![CDATA[--running TC1--]]>
  </system-out>
  <testcase classname="test2.Invocation_Keyword" name="print_TC1" time="0.004"/>
  <system-out>
    <![CDATA[--running TC1--]]>
  </system-out>
  <testcase classname="test2.Invocation_Keyword" name="print_TC1" time="0.000"/>
  <system-out>
    <![CDATA[--running TC1--]]>
  </system-out>
  <testcase classname="test2.Invocation_Keyword" name="print_TC1" time="0.000"/>
  <system-out>
    <![CDATA[--running TC1--]]>
  </system-out>
  <testcase classname="test2.Invocation_Keyword" name="print_TC1" time="0.001"/>
  <system-out>
    <![CDATA[--running TC1--]]>
  </system-out>
  <testcase classname="test2.Invocation_Keyword" name="print_TC1" time="0.000"/>
  <system-out>
    <![CDATA[--running TC1--]]>
  </system-out>
  <testcase classname="test2.Invocation_Keyword" name="print_TC1" time="0.002"/>
  <system-out>
    <![CDATA[--running TC1--]]>
  </system-out>
  <testcase classname="test2.Invocation_Keyword" name="print_TC1" time="0.002"/>
  <system-out>
    <![CDATA[--running TC1--]]>
  </system-out>
  <testcase classname="test2.Invocation_Keyword" name="print_TC1" time="0.001"/>
  <system-out>
    <![CDATA[--running TC1--]]>
  </system-out>
  <testcase classname="test2.Invocation_Keyword" name="print_TC1" time="0.001"/>
  <system-out>
    <![CDATA[--running TC1--]]>
  </system-out>
  <testcase classname="test2.Invocation_Keyword" name="print_TC1" time="0.001"/>
  <system-out>
    <![CDATA[--running TC1--]]>
  </system-out>
  <testcase classname="test2.Invocation_Keyword" name="print_TC1" time="0.002"/>
  <system-out>
    <![CDATA[--running TC1--]]>
  </system-out>
  <testcase classname="test2.Invocation_Keyword" name="print_TC1" time="0.001"/>
  <system-out>
    <![CDATA[--running TC1--]]>
  </system-out>
  <testcase classname="test2.Invocation_Keyword" name="print_TC1" time="0.001"/>
  <system-out>
    <![CDATA[--running TC1--]]>
  </system-out>
  <testcase classname="test2.Invocation_Keyword" name="print_TC1" time="0.001"/>
  <system-out>
    <![CDATA[--running TC1--]]>
  </system-out>
  <testcase classname="test2.Invocation_Keyword" name="print_TC1" time="0.001"/>
  <system-out>
    <![CDATA[--running TC1--]]>
  </system-out>
  <testcase classname="test2.Invocation_Keyword" name="print_TC1" time="0.001"/>
  <system-out>
    <![CDATA[--running TC1--]]>
  </system-out>
  <testcase classname="test2.Invocation_Keyword" name="print_TC1" time="0.002"/>
  <system-out>
    <![CDATA[--running TC1--]]>
  </system-out>
  <testcase classname="test2.Invocation_Keyword" name="print_TC1" time="0.002"/>
  <system-out>
    <![CDATA[--running TC1--]]>
  </system-out>
  <testcase classname="test2.Invocation_Keyword" name="print_TC1" time="0.001"/>
  <system-out>
    <![CDATA[--running TC1--]]>
  </system-out>
  <testcase classname="test2.Invocation_Keyword" name="print_TC1" time="0.000"/>
  <system-out>
    <![CDATA[--running TC1--]]>
  </system-out>
  <testcase classname="test2.Invocation_Keyword" name="print_TC1" time="0.001"/>
  <system-out>
    <![CDATA[--running TC1--]]>
  </system-out>
  <testcase classname="test2.Invocation_Keyword" name="print_TC1" time="0.001"/>
  <system-out>
    <![CDATA[--running TC1--]]>
  </system-out>
  <testcase classname="test2.Invocation_Keyword" name="print_TC1" time="0.002"/>
  <system-out>
    <![CDATA[--running TC1--]]>
  </system-out>
  <testcase classname="test2.Invocation_Keyword" name="print_TC1" time="0.002"/>
  <system-out>
    <![CDATA[--running TC1--]]>
  </system-out>
  <testcase classname="test2.Invocation_Keyword" name="print_TC1" time="0.000"/>
  <system-out>
    <![CDATA[--running TC1--]]>
  </system-out>
  <testcase classname="test2.Invocation_Keyword" name="print_TC1" time="0.001"/>
  <system-out>
    <![CDATA[--running TC1--]]>
  </system-out>
  <testcase classname="test2.Invocation_Keyword" name="print_TC1" time="0.001"/>
  <system-out>
    <![CDATA[--running TC1--]]>
  </system-out>
  <testcase classname="test2.Invocation_Keyword" name="print_TC1" time="0.002"/>
  <system-out>
    <![CDATA[--running TC1--]]>
  </system-out>
  <testcase classname="test2.Invocation_Keyword" name="print_TC1" time="0.002"/>
  <system-out>
    <![CDATA[--running TC1--]]>
  </system-out>
  <testcase classname="test2.Invocation_Keyword" name="print_TC1" time="0.001"/>
  <system-out>
    <![CDATA[--running TC1--]]>
  </system-out>
  <testcase classname="test2.Invocation_Keyword" name="print_TC1" time="0.001"/>
  <system-out>
    <![CDATA[--running TC1--]]>
  </system-out>
  <testcase classname="test2.Invocation_Keyword" name="print_TC1" time="0.001"/>
  <system-out>
    <![CDATA[--running TC1--]]>
  </system-out>
  <testcase classname="test2.Invocation_Keyword" name="print_TC1" time="0.003"/>
  <system-out>
    <![CDATA[--running TC1--]]>
  </system-out>
  <testcase classname="test2.Invocation_Keyword" name="print_TC1" time="0.001"/>
  <system-out>
    <![CDATA[--running TC1--]]>
  </system-out>
  <testcase classname="test2.Invocation_Keyword" name="print_TC1" time="0.001"/>
  <system-out>
    <![CDATA[--running TC1--]]>
  </system-out>
  <testcase classname="test2.Invocation_Keyword" name="print_TC1" time="0.001"/>
  <system-out>
    <![CDATA[--running TC1--]]>
  </system-out>
  <testcase classname="test2.Invocation_Keyword" name="print_TC1" time="0.000"/>
  <system-out>
    <![CDATA[--running TC1--]]>
  </system-out>
  <testcase classname="test2.Invocation_Keyword" name="print_TC1" time="0.002"/>
  <system-out>
    <![CDATA[--running TC1--]]>
  </system-out>
  <testcase classname="test2.Invocation_Keyword" name="print_TC1" time="0.001"/>
  <system-out>
    <![CDATA[--running TC1--]]>
  </system-out>
  <testcase classname="test2.Invocation_Keyword" name="print_TC1" time="0.001"/>
  <system-out>
    <![CDATA[--running TC1--]]>
  </system-out>
  <testcase classname="test2.Invocation_Keyword" name="print_TC1" time="0.001"/>
  <system-out>
    <![CDATA[--running TC1--]]>
  </system-out>
  <testcase classname="test2.Invocation_Keyword" name="print_TC1" time="0.002"/>
  <system-out>
    <![CDATA[--running TC1--]]>
  </system-out>
  <testcase classname="test2.Invocation_Keyword" name="print_TC1" time="0.001"/>
  <system-out>
    <![CDATA[--running TC1--]]>
  </system-out>
  <testcase classname="test2.Invocation_Keyword" name="print_TC1" time="0.001"/>
  <system-out>
    <![CDATA[--running TC1--]]>
  </system-out>
  <testcase classname="test2.Invocation_Keyword" name="print_TC1" time="0.001"/>
  <system-out>
    <![CDATA[--running TC1--]]>
  </system-out>
  <testcase classname="test2.Invocation_Keyword" name="print_TC1" time="0.001"/>
  <system-out>
    <![CDATA[--running TC1--]]>
  </system-out>
  <testcase classname="test2.Invocation_Keyword" name="print_TC1" time="0.001"/>
  <system-out>
    <![CDATA[--running TC1--]]>
  </system-out>
  <testcase classname="test2.Invocation_Keyword" name="print_TC1" time="0.001"/>
  <system-out>
    <![CDATA[--running TC1--]]>
  </system-out>
  <testcase classname="test2.Invocation_Keyword" name="print_TC1" time="0.001"/>
  <system-out>
    <![CDATA[--running TC1--]]>
  </system-out>
  <testcase classname="test2.Invocation_Keyword" name="print_TC1" time="0.001"/>
  <system-out>
    <![CDATA[--running TC1--]]>
  </system-out>
  <testcase classname="test2.Invocation_Keyword" name="print_TC1" time="0.001"/>
  <system-out>
    <![CDATA[--running TC1--]]>
  </system-out>
  <testcase classname="test2.Invocation_Keyword" name="print_TC1" time="0.001"/>
  <system-out>
    <![CDATA[--running TC1--]]>
  </system-out>
  <testcase classname="test2.Invocation_Keyword" name="print_TC1" time="0.001"/>
  <system-out>
    <![CDATA[--running TC1--]]>
  </system-out>
  <testcase classname="test2.Invocation_Keyword" name="print_TC1" time="0.000"/>
  <system-out>
    <![CDATA[--running TC1--]]>
  </system-out>
  <testcase classname="test2.Invocation_Keyword" name="print_TC1" time="0.002"/>
  <system-out>
    <![CDATA[--running TC1--]]>
  </system-out>
  <testcase classname="test2.Invocation_Keyword" name="print_TC1" time="0.002"/>
  <system-out>
    <![CDATA[--running TC1--]]>
  </system-out>
  <testcase classname="test2.Invocation_Keyword" name="print_TC1" time="0.001"/>
  <system-out>
    <![CDATA[--running TC1--]]>
  </system-out>
  <testcase classname="test2.Invocation_Keyword" name="print_TC1" time="0.001"/>
  <system-out>
    <![CDATA[--running TC1--]]>
  </system-out>
  <testcase classname="test2.Invocation_Keyword" name="print_TC1" time="0.001"/>
  <system-out>
    <![CDATA[--running TC1--]]>
  </system-out>
  <testcase classname="test2.Invocation_Keyword" name="print_TC1" time="0.001"/>
  <system-out>
    <![CDATA[--running TC1--]]>
  </system-out>
  <testcase classname="test2.Invocation_Keyword" name="print_TC1" time="0.005"/>
  <system-out>
    <![CDATA[--running TC1--]]>
  </system-out>
  <testcase classname="test2.Invocation_Keyword" name="print_TC1" time="0.001"/>
  <system-out>
    <![CDATA[--running TC1--]]>
  </system-out>
  <testcase classname="test2.Invocation_Keyword" name="print_TC1" time="0.001"/>
  <system-out>
    <![CDATA[--running TC1--]]>
  </system-out>
  <testcase classname="test2.Invocation_Keyword" name="print_TC1" time="0.000"/>
  <system-out>
    <![CDATA[--running TC1--]]>
  </system-out>
</testsuite> <!-- test2.Invocation_Keyword -->
